[2024-12-14T14:02:20.615+0000] {local_task_job_runner.py:123} INFO - ::group::Pre task execution logs
[2024-12-14T14:02:20.633+0000] {taskinstance.py:2613} INFO - Dependencies all met for dep_context=non-requeueable deps ti=<TaskInstance: ecobalyse_dag.Load_Data manual__2024-12-14T14:02:10.338405+00:00 [queued]>
[2024-12-14T14:02:20.642+0000] {taskinstance.py:2613} INFO - Dependencies all met for dep_context=requeueable deps ti=<TaskInstance: ecobalyse_dag.Load_Data manual__2024-12-14T14:02:10.338405+00:00 [queued]>
[2024-12-14T14:02:20.643+0000] {taskinstance.py:2866} INFO - Starting attempt 1 of 3
[2024-12-14T14:02:20.657+0000] {taskinstance.py:2889} INFO - Executing <Task(PythonOperator): Load_Data> on 2024-12-14 14:02:10.338405+00:00
[2024-12-14T14:02:20.669+0000] {warnings.py:112} WARNING - /home/***/.local/lib/python3.12/site-packages/***/task/task_runner/standard_task_runner.py:70: DeprecationWarning: This process (pid=10500) is multi-threaded, use of fork() may lead to deadlocks in the child.
  pid = os.fork()

[2024-12-14T14:02:20.671+0000] {standard_task_runner.py:72} INFO - Started process 10523 to run task
[2024-12-14T14:02:20.673+0000] {standard_task_runner.py:104} INFO - Running: ['***', 'tasks', 'run', 'ecobalyse_dag', 'Load_Data', 'manual__2024-12-14T14:02:10.338405+00:00', '--job-id', '772', '--raw', '--subdir', 'DAGS_FOLDER/data_transformations.py', '--cfg-path', '/tmp/tmpdf9fccap']
[2024-12-14T14:02:20.674+0000] {standard_task_runner.py:105} INFO - Job 772: Subtask Load_Data
[2024-12-14T14:02:20.720+0000] {task_command.py:467} INFO - Running <TaskInstance: ecobalyse_dag.Load_Data manual__2024-12-14T14:02:10.338405+00:00 [running]> on host a07fab1983be
[2024-12-14T14:02:20.799+0000] {taskinstance.py:3132} INFO - Exporting env vars: AIRFLOW_CTX_DAG_EMAIL='thiernosidybah232@gmail.com' AIRFLOW_CTX_DAG_OWNER='***' AIRFLOW_CTX_DAG_ID='ecobalyse_dag' AIRFLOW_CTX_TASK_ID='Load_Data' AIRFLOW_CTX_EXECUTION_DATE='2024-12-14T14:02:10.338405+00:00' AIRFLOW_CTX_TRY_NUMBER='1' AIRFLOW_CTX_DAG_RUN_ID='manual__2024-12-14T14:02:10.338405+00:00'
[2024-12-14T14:02:20.800+0000] {logging_mixin.py:190} INFO - Task instance is in running state
[2024-12-14T14:02:20.801+0000] {logging_mixin.py:190} INFO -  Previous state of the Task instance: queued
[2024-12-14T14:02:20.801+0000] {logging_mixin.py:190} INFO - Current task name:Load_Data state:running start_date:2024-12-14 14:02:20.634198+00:00
[2024-12-14T14:02:20.801+0000] {logging_mixin.py:190} INFO - Dag name:ecobalyse_dag and current dag run status:running
[2024-12-14T14:02:20.801+0000] {taskinstance.py:731} INFO - ::endgroup::
[2024-12-14T14:02:20.837+0000] {base.py:84} INFO - Retrieving connection 'ecobalyse_database_connection'
[2024-12-14T14:02:21.169+0000] {python.py:240} INFO - Done. Returned value was: None
[2024-12-14T14:02:21.177+0000] {taskinstance.py:340} INFO - ::group::Post task execution logs
[2024-12-14T14:02:21.177+0000] {taskinstance.py:352} INFO - Marking task as SUCCESS. dag_id=ecobalyse_dag, task_id=Load_Data, run_id=manual__2024-12-14T14:02:10.338405+00:00, execution_date=20241214T140210, start_date=20241214T140220, end_date=20241214T140221
[2024-12-14T14:02:21.183+0000] {logging_mixin.py:190} INFO - Task instance in success state
[2024-12-14T14:02:21.183+0000] {logging_mixin.py:190} INFO -  Previous state of the Task instance: running
[2024-12-14T14:02:21.184+0000] {logging_mixin.py:190} INFO - Dag name:ecobalyse_dag queued_at:2024-12-14 14:02:10.343311+00:00
[2024-12-14T14:02:21.184+0000] {logging_mixin.py:190} INFO - Task hostname:a07fab1983be operator:PythonOperator
[2024-12-14T14:02:21.206+0000] {local_task_job_runner.py:266} INFO - Task exited with return code 0
[2024-12-14T14:02:21.225+0000] {taskinstance.py:3895} INFO - 1 downstream tasks scheduled from follow-on schedule check
[2024-12-14T14:02:21.225+0000] {local_task_job_runner.py:245} INFO - ::endgroup::
