[2024-12-13T00:55:29.731+0000] {local_task_job_runner.py:123} INFO - ::group::Pre task execution logs
[2024-12-13T00:55:29.747+0000] {taskinstance.py:2613} INFO - Dependencies all met for dep_context=non-requeueable deps ti=<TaskInstance: ecobalyse_dag.Load_Data manual__2024-12-13T00:53:15.398500+00:00 [queued]>
[2024-12-13T00:55:29.755+0000] {taskinstance.py:2613} INFO - Dependencies all met for dep_context=requeueable deps ti=<TaskInstance: ecobalyse_dag.Load_Data manual__2024-12-13T00:53:15.398500+00:00 [queued]>
[2024-12-13T00:55:29.755+0000] {taskinstance.py:2866} INFO - Starting attempt 3 of 3
[2024-12-13T00:55:29.765+0000] {taskinstance.py:2889} INFO - Executing <Task(PythonOperator): Load_Data> on 2024-12-13 00:53:15.398500+00:00
[2024-12-13T00:55:29.771+0000] {warnings.py:112} WARNING - /home/***/.local/lib/python3.12/site-packages/***/task/task_runner/standard_task_runner.py:70: DeprecationWarning: This process (pid=1655) is multi-threaded, use of fork() may lead to deadlocks in the child.
  pid = os.fork()

[2024-12-13T00:55:29.772+0000] {standard_task_runner.py:72} INFO - Started process 1660 to run task
[2024-12-13T00:55:29.776+0000] {standard_task_runner.py:104} INFO - Running: ['***', 'tasks', 'run', 'ecobalyse_dag', 'Load_Data', 'manual__2024-12-13T00:53:15.398500+00:00', '--job-id', '263', '--raw', '--subdir', 'DAGS_FOLDER/data_transformations.py', '--cfg-path', '/tmp/tmpeyrbobcg']
[2024-12-13T00:55:29.776+0000] {standard_task_runner.py:105} INFO - Job 263: Subtask Load_Data
[2024-12-13T00:55:29.834+0000] {task_command.py:467} INFO - Running <TaskInstance: ecobalyse_dag.Load_Data manual__2024-12-13T00:53:15.398500+00:00 [running]> on host c8c82134bf48
[2024-12-13T00:55:30.130+0000] {taskinstance.py:3132} INFO - Exporting env vars: AIRFLOW_CTX_DAG_EMAIL='thiernosidybah232@gmail.com' AIRFLOW_CTX_DAG_OWNER='***' AIRFLOW_CTX_DAG_ID='ecobalyse_dag' AIRFLOW_CTX_TASK_ID='Load_Data' AIRFLOW_CTX_EXECUTION_DATE='2024-12-13T00:53:15.398500+00:00' AIRFLOW_CTX_TRY_NUMBER='3' AIRFLOW_CTX_DAG_RUN_ID='manual__2024-12-13T00:53:15.398500+00:00'
[2024-12-13T00:55:30.130+0000] {logging_mixin.py:190} INFO - Task instance is in running state
[2024-12-13T00:55:30.130+0000] {logging_mixin.py:190} INFO -  Previous state of the Task instance: queued
[2024-12-13T00:55:30.131+0000] {logging_mixin.py:190} INFO - Current task name:Load_Data state:running start_date:2024-12-13 00:55:29.748014+00:00
[2024-12-13T00:55:30.131+0000] {logging_mixin.py:190} INFO - Dag name:ecobalyse_dag and current dag run status:running
[2024-12-13T00:55:30.131+0000] {taskinstance.py:731} INFO - ::endgroup::
[2024-12-13T00:55:30.187+0000] {base.py:84} INFO - Retrieving connection 'ecobalyse_database_connection'
[2024-12-13T00:55:30.196+0000] {logging_mixin.py:190} INFO - 0    (0.14571477426236856, 24.225601759405862, 111....
1    (0.021157835040455618, 2.7420274483981206, 7.8...
2    (0.18125129163341008, 20.854181978411905, 91.0...
3    (0.3056645105082514, 32.17516972790083, 109.14...
4    (0.094096956587051, 12.514815452447031, 56.131...
dtype: object
[2024-12-13T00:55:30.207+0000] {python.py:240} INFO - Done. Returned value was: None
[2024-12-13T00:55:30.227+0000] {taskinstance.py:340} INFO - ::group::Post task execution logs
[2024-12-13T00:55:30.227+0000] {taskinstance.py:352} INFO - Marking task as SUCCESS. dag_id=ecobalyse_dag, task_id=Load_Data, run_id=manual__2024-12-13T00:53:15.398500+00:00, execution_date=20241213T005315, start_date=20241213T005529, end_date=20241213T005530
[2024-12-13T00:55:30.235+0000] {logging_mixin.py:190} INFO - Task instance in success state
[2024-12-13T00:55:30.235+0000] {logging_mixin.py:190} INFO -  Previous state of the Task instance: running
[2024-12-13T00:55:30.236+0000] {logging_mixin.py:190} INFO - Dag name:ecobalyse_dag queued_at:2024-12-13 00:53:15.406971+00:00
[2024-12-13T00:55:30.236+0000] {logging_mixin.py:190} INFO - Task hostname:c8c82134bf48 operator:PythonOperator
[2024-12-13T00:55:30.271+0000] {local_task_job_runner.py:266} INFO - Task exited with return code 0
[2024-12-13T00:55:30.319+0000] {local_task_job_runner.py:245} INFO - ::endgroup::
