[2024-12-13T17:13:50.971+0000] {local_task_job_runner.py:123} INFO - ::group::Pre task execution logs
[2024-12-13T17:13:51.009+0000] {taskinstance.py:2613} INFO - Dependencies all met for dep_context=non-requeueable deps ti=<TaskInstance: ecobalyse_dag.dasbord_visualization manual__2024-12-13T17:13:33.422662+00:00 [queued]>
[2024-12-13T17:13:51.016+0000] {taskinstance.py:2613} INFO - Dependencies all met for dep_context=requeueable deps ti=<TaskInstance: ecobalyse_dag.dasbord_visualization manual__2024-12-13T17:13:33.422662+00:00 [queued]>
[2024-12-13T17:13:51.016+0000] {taskinstance.py:2866} INFO - Starting attempt 1 of 3
[2024-12-13T17:13:51.027+0000] {taskinstance.py:2889} INFO - Executing <Task(PythonOperator): dasbord_visualization> on 2024-12-13 17:13:33.422662+00:00
[2024-12-13T17:13:51.035+0000] {warnings.py:112} WARNING - /home/***/.local/lib/python3.12/site-packages/***/task/task_runner/standard_task_runner.py:70: DeprecationWarning: This process (pid=6601) is multi-threaded, use of fork() may lead to deadlocks in the child.
  pid = os.fork()

[2024-12-13T17:13:51.036+0000] {standard_task_runner.py:72} INFO - Started process 6604 to run task
[2024-12-13T17:13:51.050+0000] {standard_task_runner.py:104} INFO - Running: ['***', 'tasks', 'run', 'ecobalyse_dag', 'dasbord_visualization', 'manual__2024-12-13T17:13:33.422662+00:00', '--job-id', '410', '--raw', '--subdir', 'DAGS_FOLDER/data_transformations.py', '--cfg-path', '/tmp/tmpzg_77dgy']
[2024-12-13T17:13:51.057+0000] {standard_task_runner.py:105} INFO - Job 410: Subtask dasbord_visualization
[2024-12-13T17:13:51.155+0000] {task_command.py:467} INFO - Running <TaskInstance: ecobalyse_dag.dasbord_visualization manual__2024-12-13T17:13:33.422662+00:00 [running]> on host 474fcd006df3
[2024-12-13T17:13:51.483+0000] {taskinstance.py:3132} INFO - Exporting env vars: AIRFLOW_CTX_DAG_EMAIL='thiernosidybah232@gmail.com' AIRFLOW_CTX_DAG_OWNER='***' AIRFLOW_CTX_DAG_ID='ecobalyse_dag' AIRFLOW_CTX_TASK_ID='dasbord_visualization' AIRFLOW_CTX_EXECUTION_DATE='2024-12-13T17:13:33.422662+00:00' AIRFLOW_CTX_TRY_NUMBER='1' AIRFLOW_CTX_DAG_RUN_ID='manual__2024-12-13T17:13:33.422662+00:00'
[2024-12-13T17:13:51.484+0000] {logging_mixin.py:190} INFO - Task instance is in running state
[2024-12-13T17:13:51.484+0000] {logging_mixin.py:190} INFO -  Previous state of the Task instance: queued
[2024-12-13T17:13:51.484+0000] {logging_mixin.py:190} INFO - Current task name:dasbord_visualization state:running start_date:2024-12-13 17:13:51.009965+00:00
[2024-12-13T17:13:51.484+0000] {logging_mixin.py:190} INFO - Dag name:ecobalyse_dag and current dag run status:running
[2024-12-13T17:13:51.485+0000] {taskinstance.py:731} INFO - ::endgroup::
[2024-12-13T17:13:51.485+0000] {logging_mixin.py:190} INFO - Hello to le mond
[2024-12-13T17:13:51.485+0000] {python.py:240} INFO - Done. Returned value was: None
[2024-12-13T17:13:51.499+0000] {taskinstance.py:340} INFO - ::group::Post task execution logs
[2024-12-13T17:13:51.499+0000] {taskinstance.py:352} INFO - Marking task as SUCCESS. dag_id=ecobalyse_dag, task_id=dasbord_visualization, run_id=manual__2024-12-13T17:13:33.422662+00:00, execution_date=20241213T171333, start_date=20241213T171351, end_date=20241213T171351
[2024-12-13T17:13:51.507+0000] {logging_mixin.py:190} INFO - Task instance in success state
[2024-12-13T17:13:51.507+0000] {logging_mixin.py:190} INFO -  Previous state of the Task instance: running
[2024-12-13T17:13:51.507+0000] {logging_mixin.py:190} INFO - Dag name:ecobalyse_dag queued_at:2024-12-13 17:13:33.431905+00:00
[2024-12-13T17:13:51.507+0000] {logging_mixin.py:190} INFO - Task hostname:474fcd006df3 operator:PythonOperator
[2024-12-13T17:13:51.535+0000] {local_task_job_runner.py:266} INFO - Task exited with return code 0
[2024-12-13T17:13:51.557+0000] {taskinstance.py:3895} INFO - 0 downstream tasks scheduled from follow-on schedule check
[2024-12-13T17:13:51.557+0000] {local_task_job_runner.py:245} INFO - ::endgroup::
