[2024-12-14T11:06:49.132+0000] {local_task_job_runner.py:123} INFO - ::group::Pre task execution logs
[2024-12-14T11:06:49.144+0000] {taskinstance.py:2613} INFO - Dependencies all met for dep_context=non-requeueable deps ti=<TaskInstance: ecobalyse_dag.dasbord_visualization manual__2024-12-14T11:06:33.128693+00:00 [queued]>
[2024-12-14T11:06:49.152+0000] {taskinstance.py:2613} INFO - Dependencies all met for dep_context=requeueable deps ti=<TaskInstance: ecobalyse_dag.dasbord_visualization manual__2024-12-14T11:06:33.128693+00:00 [queued]>
[2024-12-14T11:06:49.152+0000] {taskinstance.py:2866} INFO - Starting attempt 1 of 3
[2024-12-14T11:06:49.160+0000] {taskinstance.py:2889} INFO - Executing <Task(PythonOperator): dasbord_visualization> on 2024-12-14 11:06:33.128693+00:00
[2024-12-14T11:06:49.171+0000] {warnings.py:112} WARNING - /home/***/.local/lib/python3.12/site-packages/***/task/task_runner/standard_task_runner.py:70: DeprecationWarning: This process (pid=2793) is multi-threaded, use of fork() may lead to deadlocks in the child.
  pid = os.fork()

[2024-12-14T11:06:49.173+0000] {standard_task_runner.py:72} INFO - Started process 2838 to run task
[2024-12-14T11:06:49.173+0000] {standard_task_runner.py:104} INFO - Running: ['***', 'tasks', 'run', 'ecobalyse_dag', 'dasbord_visualization', 'manual__2024-12-14T11:06:33.128693+00:00', '--job-id', '595', '--raw', '--subdir', 'DAGS_FOLDER/data_transformations.py', '--cfg-path', '/tmp/tmp8f8axu1n']
[2024-12-14T11:06:49.174+0000] {standard_task_runner.py:105} INFO - Job 595: Subtask dasbord_visualization
[2024-12-14T11:06:49.222+0000] {task_command.py:467} INFO - Running <TaskInstance: ecobalyse_dag.dasbord_visualization manual__2024-12-14T11:06:33.128693+00:00 [running]> on host a07fab1983be
[2024-12-14T11:06:49.313+0000] {taskinstance.py:3132} INFO - Exporting env vars: AIRFLOW_CTX_DAG_EMAIL='thiernosidybah232@gmail.com' AIRFLOW_CTX_DAG_OWNER='***' AIRFLOW_CTX_DAG_ID='ecobalyse_dag' AIRFLOW_CTX_TASK_ID='dasbord_visualization' AIRFLOW_CTX_EXECUTION_DATE='2024-12-14T11:06:33.128693+00:00' AIRFLOW_CTX_TRY_NUMBER='1' AIRFLOW_CTX_DAG_RUN_ID='manual__2024-12-14T11:06:33.128693+00:00'
[2024-12-14T11:06:49.314+0000] {logging_mixin.py:190} INFO - Task instance is in running state
[2024-12-14T11:06:49.314+0000] {logging_mixin.py:190} INFO -  Previous state of the Task instance: queued
[2024-12-14T11:06:49.314+0000] {logging_mixin.py:190} INFO - Current task name:dasbord_visualization state:running start_date:2024-12-14 11:06:49.145305+00:00
[2024-12-14T11:06:49.314+0000] {logging_mixin.py:190} INFO - Dag name:ecobalyse_dag and current dag run status:running
[2024-12-14T11:06:49.314+0000] {taskinstance.py:731} INFO - ::endgroup::
[2024-12-14T11:06:49.315+0000] {logging_mixin.py:190} INFO - Hello to le mond
[2024-12-14T11:06:49.315+0000] {python.py:240} INFO - Done. Returned value was: None
[2024-12-14T11:06:49.327+0000] {taskinstance.py:340} INFO - ::group::Post task execution logs
[2024-12-14T11:06:49.327+0000] {taskinstance.py:352} INFO - Marking task as SUCCESS. dag_id=ecobalyse_dag, task_id=dasbord_visualization, run_id=manual__2024-12-14T11:06:33.128693+00:00, execution_date=20241214T110633, start_date=20241214T110649, end_date=20241214T110649
[2024-12-14T11:06:49.338+0000] {logging_mixin.py:190} INFO - Task instance in success state
[2024-12-14T11:06:49.339+0000] {logging_mixin.py:190} INFO -  Previous state of the Task instance: running
[2024-12-14T11:06:49.339+0000] {logging_mixin.py:190} INFO - Dag name:ecobalyse_dag queued_at:2024-12-14 11:06:33.135764+00:00
[2024-12-14T11:06:49.340+0000] {logging_mixin.py:190} INFO - Task hostname:a07fab1983be operator:PythonOperator
[2024-12-14T11:06:49.387+0000] {local_task_job_runner.py:266} INFO - Task exited with return code 0
[2024-12-14T11:06:49.404+0000] {taskinstance.py:3895} INFO - 0 downstream tasks scheduled from follow-on schedule check
[2024-12-14T11:06:49.406+0000] {local_task_job_runner.py:245} INFO - ::endgroup::
