[2024-12-14T11:20:45.092+0000] {local_task_job_runner.py:123} INFO - ::group::Pre task execution logs
[2024-12-14T11:20:45.104+0000] {taskinstance.py:2613} INFO - Dependencies all met for dep_context=non-requeueable deps ti=<TaskInstance: ecobalyse_dag.dasbord_visualization manual__2024-12-14T11:20:28.457609+00:00 [queued]>
[2024-12-14T11:20:45.109+0000] {taskinstance.py:2613} INFO - Dependencies all met for dep_context=requeueable deps ti=<TaskInstance: ecobalyse_dag.dasbord_visualization manual__2024-12-14T11:20:28.457609+00:00 [queued]>
[2024-12-14T11:20:45.109+0000] {taskinstance.py:2866} INFO - Starting attempt 1 of 3
[2024-12-14T11:20:45.117+0000] {taskinstance.py:2889} INFO - Executing <Task(PythonOperator): dasbord_visualization> on 2024-12-14 11:20:28.457609+00:00
[2024-12-14T11:20:45.126+0000] {warnings.py:112} WARNING - /home/***/.local/lib/python3.12/site-packages/***/task/task_runner/standard_task_runner.py:70: DeprecationWarning: This process (pid=3299) is multi-threaded, use of fork() may lead to deadlocks in the child.
  pid = os.fork()

[2024-12-14T11:20:45.127+0000] {standard_task_runner.py:72} INFO - Started process 3354 to run task
[2024-12-14T11:20:45.129+0000] {standard_task_runner.py:104} INFO - Running: ['***', 'tasks', 'run', 'ecobalyse_dag', 'dasbord_visualization', 'manual__2024-12-14T11:20:28.457609+00:00', '--job-id', '609', '--raw', '--subdir', 'DAGS_FOLDER/data_transformations.py', '--cfg-path', '/tmp/tmp2bwh14kw']
[2024-12-14T11:20:45.130+0000] {standard_task_runner.py:105} INFO - Job 609: Subtask dasbord_visualization
[2024-12-14T11:20:45.160+0000] {task_command.py:467} INFO - Running <TaskInstance: ecobalyse_dag.dasbord_visualization manual__2024-12-14T11:20:28.457609+00:00 [running]> on host a07fab1983be
[2024-12-14T11:20:45.224+0000] {taskinstance.py:3132} INFO - Exporting env vars: AIRFLOW_CTX_DAG_EMAIL='thiernosidybah232@gmail.com' AIRFLOW_CTX_DAG_OWNER='***' AIRFLOW_CTX_DAG_ID='ecobalyse_dag' AIRFLOW_CTX_TASK_ID='dasbord_visualization' AIRFLOW_CTX_EXECUTION_DATE='2024-12-14T11:20:28.457609+00:00' AIRFLOW_CTX_TRY_NUMBER='1' AIRFLOW_CTX_DAG_RUN_ID='manual__2024-12-14T11:20:28.457609+00:00'
[2024-12-14T11:20:45.225+0000] {logging_mixin.py:190} INFO - Task instance is in running state
[2024-12-14T11:20:45.225+0000] {logging_mixin.py:190} INFO -  Previous state of the Task instance: queued
[2024-12-14T11:20:45.225+0000] {logging_mixin.py:190} INFO - Current task name:dasbord_visualization state:running start_date:2024-12-14 11:20:45.104266+00:00
[2024-12-14T11:20:45.225+0000] {logging_mixin.py:190} INFO - Dag name:ecobalyse_dag and current dag run status:running
[2024-12-14T11:20:45.225+0000] {taskinstance.py:731} INFO - ::endgroup::
[2024-12-14T11:20:45.226+0000] {logging_mixin.py:190} INFO - Hello to le mond
[2024-12-14T11:20:45.226+0000] {python.py:240} INFO - Done. Returned value was: None
[2024-12-14T11:20:45.232+0000] {taskinstance.py:340} INFO - ::group::Post task execution logs
[2024-12-14T11:20:45.232+0000] {taskinstance.py:352} INFO - Marking task as SUCCESS. dag_id=ecobalyse_dag, task_id=dasbord_visualization, run_id=manual__2024-12-14T11:20:28.457609+00:00, execution_date=20241214T112028, start_date=20241214T112045, end_date=20241214T112045
[2024-12-14T11:20:45.238+0000] {logging_mixin.py:190} INFO - Task instance in success state
[2024-12-14T11:20:45.238+0000] {logging_mixin.py:190} INFO -  Previous state of the Task instance: running
[2024-12-14T11:20:45.238+0000] {logging_mixin.py:190} INFO - Dag name:ecobalyse_dag queued_at:2024-12-14 11:20:28.473341+00:00
[2024-12-14T11:20:45.238+0000] {logging_mixin.py:190} INFO - Task hostname:a07fab1983be operator:PythonOperator
[2024-12-14T11:20:45.261+0000] {local_task_job_runner.py:266} INFO - Task exited with return code 0
[2024-12-14T11:20:45.279+0000] {taskinstance.py:3895} INFO - 0 downstream tasks scheduled from follow-on schedule check
[2024-12-14T11:20:45.281+0000] {local_task_job_runner.py:245} INFO - ::endgroup::
