[2024-12-13T17:13:53.515+0000] {local_task_job_runner.py:123} INFO - ::group::Pre task execution logs
[2024-12-13T17:13:53.556+0000] {taskinstance.py:2613} INFO - Dependencies all met for dep_context=non-requeueable deps ti=<TaskInstance: ecobalyse_dag.train_model manual__2024-12-13T17:13:33.422662+00:00 [queued]>
[2024-12-13T17:13:53.563+0000] {taskinstance.py:2613} INFO - Dependencies all met for dep_context=requeueable deps ti=<TaskInstance: ecobalyse_dag.train_model manual__2024-12-13T17:13:33.422662+00:00 [queued]>
[2024-12-13T17:13:53.563+0000] {taskinstance.py:2866} INFO - Starting attempt 1 of 3
[2024-12-13T17:13:53.576+0000] {taskinstance.py:2889} INFO - Executing <Task(PythonOperator): train_model> on 2024-12-13 17:13:33.422662+00:00
[2024-12-13T17:13:53.597+0000] {warnings.py:112} WARNING - /home/***/.local/lib/python3.12/site-packages/***/task/task_runner/standard_task_runner.py:70: DeprecationWarning: This process (pid=6608) is multi-threaded, use of fork() may lead to deadlocks in the child.
  pid = os.fork()

[2024-12-13T17:13:53.598+0000] {standard_task_runner.py:72} INFO - Started process 6610 to run task
[2024-12-13T17:13:53.606+0000] {standard_task_runner.py:104} INFO - Running: ['***', 'tasks', 'run', 'ecobalyse_dag', 'train_model', 'manual__2024-12-13T17:13:33.422662+00:00', '--job-id', '412', '--raw', '--subdir', 'DAGS_FOLDER/data_transformations.py', '--cfg-path', '/tmp/tmp9lcfj6n5']
[2024-12-13T17:13:53.607+0000] {standard_task_runner.py:105} INFO - Job 412: Subtask train_model
[2024-12-13T17:13:53.673+0000] {task_command.py:467} INFO - Running <TaskInstance: ecobalyse_dag.train_model manual__2024-12-13T17:13:33.422662+00:00 [running]> on host 474fcd006df3
[2024-12-13T17:13:53.983+0000] {taskinstance.py:3132} INFO - Exporting env vars: AIRFLOW_CTX_DAG_EMAIL='thiernosidybah232@gmail.com' AIRFLOW_CTX_DAG_OWNER='***' AIRFLOW_CTX_DAG_ID='ecobalyse_dag' AIRFLOW_CTX_TASK_ID='train_model' AIRFLOW_CTX_EXECUTION_DATE='2024-12-13T17:13:33.422662+00:00' AIRFLOW_CTX_TRY_NUMBER='1' AIRFLOW_CTX_DAG_RUN_ID='manual__2024-12-13T17:13:33.422662+00:00'
[2024-12-13T17:13:53.987+0000] {logging_mixin.py:190} INFO - Task instance is in running state
[2024-12-13T17:13:53.989+0000] {logging_mixin.py:190} INFO -  Previous state of the Task instance: queued
[2024-12-13T17:13:53.990+0000] {logging_mixin.py:190} INFO - Current task name:train_model state:running start_date:2024-12-13 17:13:53.556396+00:00
[2024-12-13T17:13:53.991+0000] {logging_mixin.py:190} INFO - Dag name:ecobalyse_dag and current dag run status:running
[2024-12-13T17:13:53.991+0000] {taskinstance.py:731} INFO - ::endgroup::
[2024-12-13T17:13:53.992+0000] {logging_mixin.py:190} INFO - Hello tout le mond
[2024-12-13T17:13:53.992+0000] {python.py:240} INFO - Done. Returned value was: None
[2024-12-13T17:13:54.003+0000] {taskinstance.py:340} INFO - ::group::Post task execution logs
[2024-12-13T17:13:54.003+0000] {taskinstance.py:352} INFO - Marking task as SUCCESS. dag_id=ecobalyse_dag, task_id=train_model, run_id=manual__2024-12-13T17:13:33.422662+00:00, execution_date=20241213T171333, start_date=20241213T171353, end_date=20241213T171354
[2024-12-13T17:13:54.013+0000] {logging_mixin.py:190} INFO - Task instance in success state
[2024-12-13T17:13:54.013+0000] {logging_mixin.py:190} INFO -  Previous state of the Task instance: running
[2024-12-13T17:13:54.014+0000] {logging_mixin.py:190} INFO - Dag name:ecobalyse_dag queued_at:2024-12-13 17:13:33.431905+00:00
[2024-12-13T17:13:54.014+0000] {logging_mixin.py:190} INFO - Task hostname:474fcd006df3 operator:PythonOperator
[2024-12-13T17:13:54.053+0000] {local_task_job_runner.py:266} INFO - Task exited with return code 0
[2024-12-13T17:13:54.107+0000] {taskinstance.py:3895} INFO - 0 downstream tasks scheduled from follow-on schedule check
[2024-12-13T17:13:54.109+0000] {local_task_job_runner.py:245} INFO - ::endgroup::
