[2024-12-14T11:31:50.702+0000] {local_task_job_runner.py:123} INFO - ::group::Pre task execution logs
[2024-12-14T11:31:50.731+0000] {taskinstance.py:2613} INFO - Dependencies all met for dep_context=non-requeueable deps ti=<TaskInstance: ecobalyse_dag.train_split_data manual__2024-12-14T11:31:33.487181+00:00 [queued]>
[2024-12-14T11:31:50.747+0000] {taskinstance.py:2613} INFO - Dependencies all met for dep_context=requeueable deps ti=<TaskInstance: ecobalyse_dag.train_split_data manual__2024-12-14T11:31:33.487181+00:00 [queued]>
[2024-12-14T11:31:50.748+0000] {taskinstance.py:2866} INFO - Starting attempt 1 of 3
[2024-12-14T11:31:50.769+0000] {taskinstance.py:2889} INFO - Executing <Task(PythonOperator): train_split_data> on 2024-12-14 11:31:33.487181+00:00
[2024-12-14T11:31:50.783+0000] {warnings.py:112} WARNING - /home/***/.local/lib/python3.12/site-packages/***/task/task_runner/standard_task_runner.py:70: DeprecationWarning: This process (pid=5125) is multi-threaded, use of fork() may lead to deadlocks in the child.
  pid = os.fork()

[2024-12-14T11:31:50.785+0000] {standard_task_runner.py:72} INFO - Started process 5148 to run task
[2024-12-14T11:31:50.786+0000] {standard_task_runner.py:104} INFO - Running: ['***', 'tasks', 'run', 'ecobalyse_dag', 'train_split_data', 'manual__2024-12-14T11:31:33.487181+00:00', '--job-id', '663', '--raw', '--subdir', 'DAGS_FOLDER/data_transformations.py', '--cfg-path', '/tmp/tmplrtnc8gp']
[2024-12-14T11:31:50.788+0000] {standard_task_runner.py:105} INFO - Job 663: Subtask train_split_data
[2024-12-14T11:31:50.855+0000] {task_command.py:467} INFO - Running <TaskInstance: ecobalyse_dag.train_split_data manual__2024-12-14T11:31:33.487181+00:00 [running]> on host a07fab1983be
[2024-12-14T11:31:50.950+0000] {taskinstance.py:3132} INFO - Exporting env vars: AIRFLOW_CTX_DAG_EMAIL='thiernosidybah232@gmail.com' AIRFLOW_CTX_DAG_OWNER='***' AIRFLOW_CTX_DAG_ID='ecobalyse_dag' AIRFLOW_CTX_TASK_ID='train_split_data' AIRFLOW_CTX_EXECUTION_DATE='2024-12-14T11:31:33.487181+00:00' AIRFLOW_CTX_TRY_NUMBER='1' AIRFLOW_CTX_DAG_RUN_ID='manual__2024-12-14T11:31:33.487181+00:00'
[2024-12-14T11:31:50.952+0000] {logging_mixin.py:190} INFO - Task instance is in running state
[2024-12-14T11:31:50.952+0000] {logging_mixin.py:190} INFO -  Previous state of the Task instance: queued
[2024-12-14T11:31:50.952+0000] {logging_mixin.py:190} INFO - Current task name:train_split_data state:running start_date:2024-12-14 11:31:50.732071+00:00
[2024-12-14T11:31:50.952+0000] {logging_mixin.py:190} INFO - Dag name:ecobalyse_dag and current dag run status:running
[2024-12-14T11:31:50.953+0000] {taskinstance.py:731} INFO - ::endgroup::
[2024-12-14T11:31:50.989+0000] {logging_mixin.py:190} INFO - X_train shape (1315, 11)
[2024-12-14T11:31:50.989+0000] {logging_mixin.py:190} INFO - -------------------------
[2024-12-14T11:31:50.989+0000] {logging_mixin.py:190} INFO - X_test shape (439, 11)
[2024-12-14T11:31:50.989+0000] {logging_mixin.py:190} INFO - -------------------------
[2024-12-14T11:31:50.990+0000] {logging_mixin.py:190} INFO - y_train shape (1315,)
[2024-12-14T11:31:50.990+0000] {logging_mixin.py:190} INFO - -------------------------
[2024-12-14T11:31:50.990+0000] {logging_mixin.py:190} INFO - y_test test shape (439,)
[2024-12-14T11:31:51.003+0000] {python.py:240} INFO - Done. Returned value was: None
[2024-12-14T11:31:51.014+0000] {taskinstance.py:340} INFO - ::group::Post task execution logs
[2024-12-14T11:31:51.014+0000] {taskinstance.py:352} INFO - Marking task as SUCCESS. dag_id=ecobalyse_dag, task_id=train_split_data, run_id=manual__2024-12-14T11:31:33.487181+00:00, execution_date=20241214T113133, start_date=20241214T113150, end_date=20241214T113151
[2024-12-14T11:31:51.024+0000] {logging_mixin.py:190} INFO - Task instance in success state
[2024-12-14T11:31:51.025+0000] {logging_mixin.py:190} INFO -  Previous state of the Task instance: running
[2024-12-14T11:31:51.025+0000] {logging_mixin.py:190} INFO - Dag name:ecobalyse_dag queued_at:2024-12-14 11:31:33.503914+00:00
[2024-12-14T11:31:51.026+0000] {logging_mixin.py:190} INFO - Task hostname:a07fab1983be operator:PythonOperator
[2024-12-14T11:31:51.040+0000] {local_task_job_runner.py:266} INFO - Task exited with return code 0
[2024-12-14T11:31:51.071+0000] {taskinstance.py:3895} INFO - 1 downstream tasks scheduled from follow-on schedule check
[2024-12-14T11:31:51.074+0000] {local_task_job_runner.py:245} INFO - ::endgroup::
