[2024-12-13T17:13:43.686+0000] {local_task_job_runner.py:123} INFO - ::group::Pre task execution logs
[2024-12-13T17:13:43.710+0000] {taskinstance.py:2613} INFO - Dependencies all met for dep_context=non-requeueable deps ti=<TaskInstance: ecobalyse_dag.prepare_data manual__2024-12-13T17:13:29.524746+00:00 [queued]>
[2024-12-13T17:13:43.718+0000] {taskinstance.py:2613} INFO - Dependencies all met for dep_context=requeueable deps ti=<TaskInstance: ecobalyse_dag.prepare_data manual__2024-12-13T17:13:29.524746+00:00 [queued]>
[2024-12-13T17:13:43.719+0000] {taskinstance.py:2866} INFO - Starting attempt 1 of 3
[2024-12-13T17:13:43.741+0000] {taskinstance.py:2889} INFO - Executing <Task(PythonOperator): prepare_data> on 2024-12-13 17:13:29.524746+00:00
[2024-12-13T17:13:43.749+0000] {warnings.py:112} WARNING - /home/***/.local/lib/python3.12/site-packages/***/task/task_runner/standard_task_runner.py:70: DeprecationWarning: This process (pid=6551) is multi-threaded, use of fork() may lead to deadlocks in the child.
  pid = os.fork()

[2024-12-13T17:13:43.750+0000] {standard_task_runner.py:72} INFO - Started process 6557 to run task
[2024-12-13T17:13:43.754+0000] {standard_task_runner.py:104} INFO - Running: ['***', 'tasks', 'run', 'ecobalyse_dag', 'prepare_data', 'manual__2024-12-13T17:13:29.524746+00:00', '--job-id', '400', '--raw', '--subdir', 'DAGS_FOLDER/data_transformations.py', '--cfg-path', '/tmp/tmph7eujuz3']
[2024-12-13T17:13:43.755+0000] {standard_task_runner.py:105} INFO - Job 400: Subtask prepare_data
[2024-12-13T17:13:43.833+0000] {task_command.py:467} INFO - Running <TaskInstance: ecobalyse_dag.prepare_data manual__2024-12-13T17:13:29.524746+00:00 [running]> on host 474fcd006df3
[2024-12-13T17:13:44.166+0000] {taskinstance.py:3132} INFO - Exporting env vars: AIRFLOW_CTX_DAG_EMAIL='thiernosidybah232@gmail.com' AIRFLOW_CTX_DAG_OWNER='***' AIRFLOW_CTX_DAG_ID='ecobalyse_dag' AIRFLOW_CTX_TASK_ID='prepare_data' AIRFLOW_CTX_EXECUTION_DATE='2024-12-13T17:13:29.524746+00:00' AIRFLOW_CTX_TRY_NUMBER='1' AIRFLOW_CTX_DAG_RUN_ID='manual__2024-12-13T17:13:29.524746+00:00'
[2024-12-13T17:13:44.166+0000] {logging_mixin.py:190} INFO - Task instance is in running state
[2024-12-13T17:13:44.167+0000] {logging_mixin.py:190} INFO -  Previous state of the Task instance: queued
[2024-12-13T17:13:44.167+0000] {logging_mixin.py:190} INFO - Current task name:prepare_data state:running start_date:2024-12-13 17:13:43.710615+00:00
[2024-12-13T17:13:44.167+0000] {logging_mixin.py:190} INFO - Dag name:ecobalyse_dag and current dag run status:running
[2024-12-13T17:13:44.167+0000] {taskinstance.py:731} INFO - ::endgroup::
[2024-12-13T17:13:44.167+0000] {logging_mixin.py:190} INFO - Bonjour Thierno
[2024-12-13T17:13:44.167+0000] {python.py:240} INFO - Done. Returned value was: None
[2024-12-13T17:13:44.211+0000] {taskinstance.py:340} INFO - ::group::Post task execution logs
[2024-12-13T17:13:44.211+0000] {taskinstance.py:352} INFO - Marking task as SUCCESS. dag_id=ecobalyse_dag, task_id=prepare_data, run_id=manual__2024-12-13T17:13:29.524746+00:00, execution_date=20241213T171329, start_date=20241213T171343, end_date=20241213T171344
[2024-12-13T17:13:44.230+0000] {logging_mixin.py:190} INFO - Task instance in success state
[2024-12-13T17:13:44.231+0000] {logging_mixin.py:190} INFO -  Previous state of the Task instance: running
[2024-12-13T17:13:44.233+0000] {logging_mixin.py:190} INFO - Dag name:ecobalyse_dag queued_at:2024-12-13 17:13:29.553504+00:00
[2024-12-13T17:13:44.234+0000] {logging_mixin.py:190} INFO - Task hostname:474fcd006df3 operator:PythonOperator
[2024-12-13T17:13:44.290+0000] {local_task_job_runner.py:266} INFO - Task exited with return code 0
[2024-12-13T17:13:44.328+0000] {taskinstance.py:3895} INFO - 1 downstream tasks scheduled from follow-on schedule check
[2024-12-13T17:13:44.331+0000] {local_task_job_runner.py:245} INFO - ::endgroup::
