[2024-12-14T11:04:11.290+0000] {local_task_job_runner.py:123} INFO - ::group::Pre task execution logs
[2024-12-14T11:04:11.307+0000] {taskinstance.py:2613} INFO - Dependencies all met for dep_context=non-requeueable deps ti=<TaskInstance: ecobalyse_dag.train_split_data manual__2024-12-14T11:03:52.427747+00:00 [queued]>
[2024-12-14T11:04:11.320+0000] {taskinstance.py:2613} INFO - Dependencies all met for dep_context=requeueable deps ti=<TaskInstance: ecobalyse_dag.train_split_data manual__2024-12-14T11:03:52.427747+00:00 [queued]>
[2024-12-14T11:04:11.320+0000] {taskinstance.py:2866} INFO - Starting attempt 1 of 3
[2024-12-14T11:04:11.338+0000] {taskinstance.py:2889} INFO - Executing <Task(PythonOperator): train_split_data> on 2024-12-14 11:03:52.427747+00:00
[2024-12-14T11:04:11.351+0000] {warnings.py:112} WARNING - /home/***/.local/lib/python3.12/site-packages/***/task/task_runner/standard_task_runner.py:70: DeprecationWarning: This process (pid=2557) is multi-threaded, use of fork() may lead to deadlocks in the child.
  pid = os.fork()

[2024-12-14T11:04:11.353+0000] {standard_task_runner.py:72} INFO - Started process 2580 to run task
[2024-12-14T11:04:11.356+0000] {standard_task_runner.py:104} INFO - Running: ['***', 'tasks', 'run', 'ecobalyse_dag', 'train_split_data', 'manual__2024-12-14T11:03:52.427747+00:00', '--job-id', '587', '--raw', '--subdir', 'DAGS_FOLDER/data_transformations.py', '--cfg-path', '/tmp/tmpf57eezeg']
[2024-12-14T11:04:11.358+0000] {standard_task_runner.py:105} INFO - Job 587: Subtask train_split_data
[2024-12-14T11:04:11.404+0000] {task_command.py:467} INFO - Running <TaskInstance: ecobalyse_dag.train_split_data manual__2024-12-14T11:03:52.427747+00:00 [running]> on host a07fab1983be
[2024-12-14T11:04:11.479+0000] {taskinstance.py:3132} INFO - Exporting env vars: AIRFLOW_CTX_DAG_EMAIL='thiernosidybah232@gmail.com' AIRFLOW_CTX_DAG_OWNER='***' AIRFLOW_CTX_DAG_ID='ecobalyse_dag' AIRFLOW_CTX_TASK_ID='train_split_data' AIRFLOW_CTX_EXECUTION_DATE='2024-12-14T11:03:52.427747+00:00' AIRFLOW_CTX_TRY_NUMBER='1' AIRFLOW_CTX_DAG_RUN_ID='manual__2024-12-14T11:03:52.427747+00:00'
[2024-12-14T11:04:11.480+0000] {logging_mixin.py:190} INFO - Task instance is in running state
[2024-12-14T11:04:11.481+0000] {logging_mixin.py:190} INFO -  Previous state of the Task instance: queued
[2024-12-14T11:04:11.481+0000] {logging_mixin.py:190} INFO - Current task name:train_split_data state:running start_date:2024-12-14 11:04:11.308326+00:00
[2024-12-14T11:04:11.481+0000] {logging_mixin.py:190} INFO - Dag name:ecobalyse_dag and current dag run status:running
[2024-12-14T11:04:11.481+0000] {taskinstance.py:731} INFO - ::endgroup::
[2024-12-14T11:04:11.522+0000] {logging_mixin.py:190} INFO - X_train shape (1315, 11)
[2024-12-14T11:04:11.522+0000] {logging_mixin.py:190} INFO - -------------------------
[2024-12-14T11:04:11.523+0000] {logging_mixin.py:190} INFO - X_test shape (439, 11)
[2024-12-14T11:04:11.523+0000] {logging_mixin.py:190} INFO - -------------------------
[2024-12-14T11:04:11.523+0000] {logging_mixin.py:190} INFO - y_train shape (1315,)
[2024-12-14T11:04:11.523+0000] {logging_mixin.py:190} INFO - -------------------------
[2024-12-14T11:04:11.524+0000] {logging_mixin.py:190} INFO - X_test shape (439,)
[2024-12-14T11:04:11.524+0000] {python.py:240} INFO - Done. Returned value was: (      mass  product  ... country_dyeing country_fabric
1669  0.25        2  ...              7              2
1145   0.1        5  ...             16             18
756   0.95        6  ...             11              3
218   0.45        7  ...              6             17
651   0.95        6  ...             12             14
...    ...      ...  ...            ...            ...
1130  0.45        3  ...             16              2
1294   0.3        4  ...             10              2
860    0.1        5  ...              6             12
1459  0.04        0  ...              2              5
1126  0.45        7  ...             15              8

[1315 rows x 11 columns],       mass  product  ... country_dyeing country_fabric
322   0.25        2  ...             12              9
408   0.95        6  ...             13              8
405   0.04        1  ...             18              0
462   0.15       10  ...              3              6
1526  0.03        9  ...             18             17
...    ...      ...  ...            ...            ...
976   0.04        1  ...             15              8
1506  0.45        7  ...              3             12
998   0.45        7  ...             18              5
1475  0.55        8  ...              2             13
1022  0.55        8  ...             13              3

[439 rows x 11 columns], 1669    1058.2048990150572
1145     778.1496400454128
756     3241.7595434604623
218     1853.2802005903586
651     2774.7923014491585
               ...        
1130    1652.8143012593184
1294    1293.2973337297449
860      348.2336890065096
1459    403.67067369028456
1126    2161.1794289625277
Name: pef, Length: 1315, dtype: object, 322      942.5181831463664
408      4490.700132150696
405     448.22072619444185
462      729.7603779988691
1526    220.93886777683636
               ...        
976     168.32989218831585
1506    2032.3144199613916
998      2383.008997526206
1475    1494.5638657875672
1022     2837.725288249941
Name: pef, Length: 439, dtype: object)
[2024-12-14T11:04:11.621+0000] {taskinstance.py:340} INFO - ::group::Post task execution logs
[2024-12-14T11:04:11.621+0000] {taskinstance.py:352} INFO - Marking task as SUCCESS. dag_id=ecobalyse_dag, task_id=train_split_data, run_id=manual__2024-12-14T11:03:52.427747+00:00, execution_date=20241214T110352, start_date=20241214T110411, end_date=20241214T110411
[2024-12-14T11:04:11.633+0000] {logging_mixin.py:190} INFO - Task instance in success state
[2024-12-14T11:04:11.633+0000] {logging_mixin.py:190} INFO -  Previous state of the Task instance: running
[2024-12-14T11:04:11.633+0000] {logging_mixin.py:190} INFO - Dag name:ecobalyse_dag queued_at:2024-12-14 11:03:52.447606+00:00
[2024-12-14T11:04:11.633+0000] {logging_mixin.py:190} INFO - Task hostname:a07fab1983be operator:PythonOperator
[2024-12-14T11:04:11.650+0000] {local_task_job_runner.py:266} INFO - Task exited with return code 0
[2024-12-14T11:04:11.674+0000] {taskinstance.py:3895} INFO - 0 downstream tasks scheduled from follow-on schedule check
[2024-12-14T11:04:11.676+0000] {local_task_job_runner.py:245} INFO - ::endgroup::
