[2024-12-13T01:46:25.566+0000] {local_task_job_runner.py:123} INFO - ::group::Pre task execution logs
[2024-12-13T01:46:25.590+0000] {taskinstance.py:2613} INFO - Dependencies all met for dep_context=non-requeueable deps ti=<TaskInstance: ecobalyse_dag.read_data_from_postgre manual__2024-12-13T01:46:14.002474+00:00 [queued]>
[2024-12-13T01:46:25.597+0000] {taskinstance.py:2613} INFO - Dependencies all met for dep_context=requeueable deps ti=<TaskInstance: ecobalyse_dag.read_data_from_postgre manual__2024-12-13T01:46:14.002474+00:00 [queued]>
[2024-12-13T01:46:25.597+0000] {taskinstance.py:2866} INFO - Starting attempt 1 of 3
[2024-12-13T01:46:25.608+0000] {taskinstance.py:2889} INFO - Executing <Task(PythonOperator): read_data_from_postgre> on 2024-12-13 01:46:14.002474+00:00
[2024-12-13T01:46:25.614+0000] {warnings.py:112} WARNING - /home/***/.local/lib/python3.12/site-packages/***/task/task_runner/standard_task_runner.py:70: DeprecationWarning: This process (pid=2500) is multi-threaded, use of fork() may lead to deadlocks in the child.
  pid = os.fork()

[2024-12-13T01:46:25.615+0000] {standard_task_runner.py:72} INFO - Started process 2508 to run task
[2024-12-13T01:46:25.619+0000] {standard_task_runner.py:104} INFO - Running: ['***', 'tasks', 'run', 'ecobalyse_dag', 'read_data_from_postgre', 'manual__2024-12-13T01:46:14.002474+00:00', '--job-id', '309', '--raw', '--subdir', 'DAGS_FOLDER/data_transformations.py', '--cfg-path', '/tmp/tmpm3gw_m2n']
[2024-12-13T01:46:25.621+0000] {standard_task_runner.py:105} INFO - Job 309: Subtask read_data_from_postgre
[2024-12-13T01:46:25.689+0000] {task_command.py:467} INFO - Running <TaskInstance: ecobalyse_dag.read_data_from_postgre manual__2024-12-13T01:46:14.002474+00:00 [running]> on host c8c82134bf48
[2024-12-13T01:46:25.977+0000] {taskinstance.py:3132} INFO - Exporting env vars: AIRFLOW_CTX_DAG_EMAIL='thiernosidybah232@gmail.com' AIRFLOW_CTX_DAG_OWNER='***' AIRFLOW_CTX_DAG_ID='ecobalyse_dag' AIRFLOW_CTX_TASK_ID='read_data_from_postgre' AIRFLOW_CTX_EXECUTION_DATE='2024-12-13T01:46:14.002474+00:00' AIRFLOW_CTX_TRY_NUMBER='1' AIRFLOW_CTX_DAG_RUN_ID='manual__2024-12-13T01:46:14.002474+00:00'
[2024-12-13T01:46:25.978+0000] {logging_mixin.py:190} INFO - Task instance is in running state
[2024-12-13T01:46:25.978+0000] {logging_mixin.py:190} INFO -  Previous state of the Task instance: queued
[2024-12-13T01:46:25.978+0000] {logging_mixin.py:190} INFO - Current task name:read_data_from_postgre state:running start_date:2024-12-13 01:46:25.590373+00:00
[2024-12-13T01:46:25.979+0000] {logging_mixin.py:190} INFO - Dag name:ecobalyse_dag and current dag run status:running
[2024-12-13T01:46:25.979+0000] {taskinstance.py:731} INFO - ::endgroup::
[2024-12-13T01:46:25.987+0000] {python.py:240} INFO - Done. Returned value was: None
[2024-12-13T01:46:26.003+0000] {taskinstance.py:340} INFO - ::group::Post task execution logs
[2024-12-13T01:46:26.003+0000] {taskinstance.py:352} INFO - Marking task as SUCCESS. dag_id=ecobalyse_dag, task_id=read_data_from_postgre, run_id=manual__2024-12-13T01:46:14.002474+00:00, execution_date=20241213T014614, start_date=20241213T014625, end_date=20241213T014626
[2024-12-13T01:46:26.011+0000] {logging_mixin.py:190} INFO - Task instance in success state
[2024-12-13T01:46:26.011+0000] {logging_mixin.py:190} INFO -  Previous state of the Task instance: running
[2024-12-13T01:46:26.011+0000] {logging_mixin.py:190} INFO - Dag name:ecobalyse_dag queued_at:2024-12-13 01:46:14.012509+00:00
[2024-12-13T01:46:26.011+0000] {logging_mixin.py:190} INFO - Task hostname:c8c82134bf48 operator:PythonOperator
[2024-12-13T01:46:26.030+0000] {local_task_job_runner.py:266} INFO - Task exited with return code 0
[2024-12-13T01:46:26.079+0000] {taskinstance.py:3895} INFO - 0 downstream tasks scheduled from follow-on schedule check
[2024-12-13T01:46:26.082+0000] {local_task_job_runner.py:245} INFO - ::endgroup::
