[2024-12-14T10:59:02.810+0000] {local_task_job_runner.py:123} INFO - ::group::Pre task execution logs
[2024-12-14T10:59:02.830+0000] {taskinstance.py:2613} INFO - Dependencies all met for dep_context=non-requeueable deps ti=<TaskInstance: ecobalyse_dag.create_table manual__2024-12-14T10:58:54.773493+00:00 [queued]>
[2024-12-14T10:59:02.842+0000] {taskinstance.py:2613} INFO - Dependencies all met for dep_context=requeueable deps ti=<TaskInstance: ecobalyse_dag.create_table manual__2024-12-14T10:58:54.773493+00:00 [queued]>
[2024-12-14T10:59:02.842+0000] {taskinstance.py:2866} INFO - Starting attempt 1 of 3
[2024-12-14T10:59:02.860+0000] {taskinstance.py:2889} INFO - Executing <Task(PostgresOperator): create_table> on 2024-12-14 10:58:54.773493+00:00
[2024-12-14T10:59:02.872+0000] {warnings.py:112} WARNING - /home/***/.local/lib/python3.12/site-packages/***/task/task_runner/standard_task_runner.py:70: DeprecationWarning: This process (pid=2146) is multi-threaded, use of fork() may lead to deadlocks in the child.
  pid = os.fork()

[2024-12-14T10:59:02.873+0000] {standard_task_runner.py:72} INFO - Started process 2169 to run task
[2024-12-14T10:59:02.875+0000] {standard_task_runner.py:104} INFO - Running: ['***', 'tasks', 'run', 'ecobalyse_dag', 'create_table', 'manual__2024-12-14T10:58:54.773493+00:00', '--job-id', '573', '--raw', '--subdir', 'DAGS_FOLDER/data_transformations.py', '--cfg-path', '/tmp/tmpxy47vszt']
[2024-12-14T10:59:02.876+0000] {standard_task_runner.py:105} INFO - Job 573: Subtask create_table
[2024-12-14T10:59:02.931+0000] {task_command.py:467} INFO - Running <TaskInstance: ecobalyse_dag.create_table manual__2024-12-14T10:58:54.773493+00:00 [running]> on host a07fab1983be
[2024-12-14T10:59:03.040+0000] {taskinstance.py:3132} INFO - Exporting env vars: AIRFLOW_CTX_DAG_EMAIL='thiernosidybah232@gmail.com' AIRFLOW_CTX_DAG_OWNER='***' AIRFLOW_CTX_DAG_ID='ecobalyse_dag' AIRFLOW_CTX_TASK_ID='create_table' AIRFLOW_CTX_EXECUTION_DATE='2024-12-14T10:58:54.773493+00:00' AIRFLOW_CTX_TRY_NUMBER='1' AIRFLOW_CTX_DAG_RUN_ID='manual__2024-12-14T10:58:54.773493+00:00'
[2024-12-14T10:59:03.041+0000] {logging_mixin.py:190} INFO - Task instance is in running state
[2024-12-14T10:59:03.041+0000] {logging_mixin.py:190} INFO -  Previous state of the Task instance: queued
[2024-12-14T10:59:03.042+0000] {logging_mixin.py:190} INFO - Current task name:create_table state:running start_date:2024-12-14 10:59:02.830581+00:00
[2024-12-14T10:59:03.042+0000] {logging_mixin.py:190} INFO - Dag name:ecobalyse_dag and current dag run status:running
[2024-12-14T10:59:03.042+0000] {taskinstance.py:731} INFO - ::endgroup::
[2024-12-14T10:59:03.042+0000] {sql.py:278} INFO - Executing:  
                        DROP TABLE  IF EXISTS Ecobalyse_table;
                        CREATE TABLE IF NOT EXISTS Ecobalyse_table(
                           
                                acd NUMERIC,
                                cch NUMERIC,
                                etf NUMERIC, 
                                etf_c NUMERIC, 
                                fru NUMERIC, 
                                fwe NUMERIC,
                                htc NUMERIC,
                                htc_c NUMERIC, 
                                htn NUMERIC,
                                htn_c NUMERIC,
                                ior NUMERIC,  
                                ldu NUMERIC, 
                                mru NUMERIC, 
                                ozd NUMERIC,
                                pco NUMERIC, 
                                pma NUMERIC,
                                swe NUMERIC,
                                tre NUMERIC,
                                wtu NUMERIC,
                                ecs NUMERIC, 
                                pef NUMERIC, 
                                air_transport_ratio NUMERIC, 
                                business TEXT,
                                country_dyeing TEXT,
                                country_fabric TEXT,
                                country_making TEXT, 
                                country_spinning TEXT, 
                                fabric_process TEXT,
                                making_complexity TEXT, 
                                making_dead_stock NUMERIC,
                                making_waste NUMERIC, 
                                mass NUMERIC,
                                number_of_references NUMERIC,
                                physical_durability NUMERIC,
                                price NUMERIC, 
                                product TEXT,
                                surface_mass NUMERIC, 
                                traceability BOOLEAN,
                                upcycled BOOLEAN,
                                yarn_size NUMERIC
                           
                           
                           
                           
                           ); 
                    
[2024-12-14T10:59:03.053+0000] {base.py:84} INFO - Retrieving connection 'ecobalyse_database_connection'
[2024-12-14T10:59:03.064+0000] {base.py:84} INFO - Retrieving connection 'ecobalyse_database_connection'
[2024-12-14T10:59:03.069+0000] {sql.py:544} INFO - Running statement:  
                        DROP TABLE  IF EXISTS Ecobalyse_table;
                        CREATE TABLE IF NOT EXISTS Ecobalyse_table(
                           
                                acd NUMERIC,
                                cch NUMERIC,
                                etf NUMERIC, 
                                etf_c NUMERIC, 
                                fru NUMERIC, 
                                fwe NUMERIC,
                                htc NUMERIC,
                                htc_c NUMERIC, 
                                htn NUMERIC,
                                htn_c NUMERIC,
                                ior NUMERIC,  
                                ldu NUMERIC, 
                                mru NUMERIC, 
                                ozd NUMERIC,
                                pco NUMERIC, 
                                pma NUMERIC,
                                swe NUMERIC,
                                tre NUMERIC,
                                wtu NUMERIC,
                                ecs NUMERIC, 
                                pef NUMERIC, 
                                air_transport_ratio NUMERIC, 
                                business TEXT,
                                country_dyeing TEXT,
                                country_fabric TEXT,
                                country_making TEXT, 
                                country_spinning TEXT, 
                                fabric_process TEXT,
                                making_complexity TEXT, 
                                making_dead_stock NUMERIC,
                                making_waste NUMERIC, 
                                mass NUMERIC,
                                number_of_references NUMERIC,
                                physical_durability NUMERIC,
                                price NUMERIC, 
                                product TEXT,
                                surface_mass NUMERIC, 
                                traceability BOOLEAN,
                                upcycled BOOLEAN,
                                yarn_size NUMERIC
                           
                           
                           
                           
                           ); 
                    , parameters: None
[2024-12-14T10:59:03.088+0000] {taskinstance.py:340} INFO - ::group::Post task execution logs
[2024-12-14T10:59:03.088+0000] {taskinstance.py:352} INFO - Marking task as SUCCESS. dag_id=ecobalyse_dag, task_id=create_table, run_id=manual__2024-12-14T10:58:54.773493+00:00, execution_date=20241214T105854, start_date=20241214T105902, end_date=20241214T105903
[2024-12-14T10:59:03.099+0000] {logging_mixin.py:190} INFO - Task instance in success state
[2024-12-14T10:59:03.099+0000] {logging_mixin.py:190} INFO -  Previous state of the Task instance: running
[2024-12-14T10:59:03.100+0000] {logging_mixin.py:190} INFO - Dag name:ecobalyse_dag queued_at:2024-12-14 10:58:54.787557+00:00
[2024-12-14T10:59:03.100+0000] {logging_mixin.py:190} INFO - Task hostname:a07fab1983be operator:PostgresOperator
[2024-12-14T10:59:03.129+0000] {local_task_job_runner.py:266} INFO - Task exited with return code 0
[2024-12-14T10:59:03.166+0000] {taskinstance.py:3895} INFO - 1 downstream tasks scheduled from follow-on schedule check
[2024-12-14T10:59:03.168+0000] {local_task_job_runner.py:245} INFO - ::endgroup::
