[2024-12-12T21:47:15.169+0000] {local_task_job_runner.py:123} INFO - ::group::Pre task execution logs
[2024-12-12T21:47:15.189+0000] {taskinstance.py:2613} INFO - Dependencies all met for dep_context=non-requeueable deps ti=<TaskInstance: ecobalyse_dag.load_json_file manual__2024-12-12T21:47:12.914990+00:00 [queued]>
[2024-12-12T21:47:15.302+0000] {taskinstance.py:2613} INFO - Dependencies all met for dep_context=requeueable deps ti=<TaskInstance: ecobalyse_dag.load_json_file manual__2024-12-12T21:47:12.914990+00:00 [queued]>
[2024-12-12T21:47:15.302+0000] {taskinstance.py:2866} INFO - Starting attempt 1 of 3
[2024-12-12T21:47:15.314+0000] {taskinstance.py:2889} INFO - Executing <Task(PythonOperator): load_json_file> on 2024-12-12 21:47:12.914990+00:00
[2024-12-12T21:47:15.320+0000] {warnings.py:112} WARNING - /home/***/.local/lib/python3.12/site-packages/***/task/task_runner/standard_task_runner.py:70: DeprecationWarning: This process (pid=1851) is multi-threaded, use of fork() may lead to deadlocks in the child.
  pid = os.fork()

[2024-12-12T21:47:15.321+0000] {standard_task_runner.py:72} INFO - Started process 1853 to run task
[2024-12-12T21:47:15.322+0000] {standard_task_runner.py:104} INFO - Running: ['***', 'tasks', 'run', 'ecobalyse_dag', 'load_json_file', 'manual__2024-12-12T21:47:12.914990+00:00', '--job-id', '81', '--raw', '--subdir', 'DAGS_FOLDER/data_transformations.py', '--cfg-path', '/tmp/tmpkkfw6kin']
[2024-12-12T21:47:15.322+0000] {standard_task_runner.py:105} INFO - Job 81: Subtask load_json_file
[2024-12-12T21:47:15.365+0000] {task_command.py:467} INFO - Running <TaskInstance: ecobalyse_dag.load_json_file manual__2024-12-12T21:47:12.914990+00:00 [running]> on host c67d6daee869
[2024-12-12T21:47:15.438+0000] {taskinstance.py:3132} INFO - Exporting env vars: AIRFLOW_CTX_DAG_EMAIL='thiernosidybah232@gmail.com' AIRFLOW_CTX_DAG_OWNER='***' AIRFLOW_CTX_DAG_ID='ecobalyse_dag' AIRFLOW_CTX_TASK_ID='load_json_file' AIRFLOW_CTX_EXECUTION_DATE='2024-12-12T21:47:12.914990+00:00' AIRFLOW_CTX_TRY_NUMBER='1' AIRFLOW_CTX_DAG_RUN_ID='manual__2024-12-12T21:47:12.914990+00:00'
[2024-12-12T21:47:15.439+0000] {logging_mixin.py:190} INFO - Task instance is in running state
[2024-12-12T21:47:15.439+0000] {logging_mixin.py:190} INFO -  Previous state of the Task instance: queued
[2024-12-12T21:47:15.440+0000] {logging_mixin.py:190} INFO - Current task name:load_json_file state:running start_date:2024-12-12 21:47:15.190101+00:00
[2024-12-12T21:47:15.440+0000] {logging_mixin.py:190} INFO - Dag name:ecobalyse_dag and current dag run status:running
[2024-12-12T21:47:15.440+0000] {taskinstance.py:731} INFO - ::endgroup::
[2024-12-12T21:47:15.524+0000] {python.py:240} INFO - Done. Returned value was: None
[2024-12-12T21:47:15.536+0000] {taskinstance.py:340} INFO - ::group::Post task execution logs
[2024-12-12T21:47:15.536+0000] {taskinstance.py:352} INFO - Marking task as SUCCESS. dag_id=ecobalyse_dag, task_id=load_json_file, run_id=manual__2024-12-12T21:47:12.914990+00:00, execution_date=20241212T214712, start_date=20241212T214715, end_date=20241212T214715
[2024-12-12T21:47:15.546+0000] {logging_mixin.py:190} INFO - Task instance in success state
[2024-12-12T21:47:15.546+0000] {logging_mixin.py:190} INFO -  Previous state of the Task instance: running
[2024-12-12T21:47:15.546+0000] {logging_mixin.py:190} INFO - Dag name:ecobalyse_dag queued_at:2024-12-12 21:47:12.928846+00:00
[2024-12-12T21:47:15.547+0000] {logging_mixin.py:190} INFO - Task hostname:c67d6daee869 operator:PythonOperator
[2024-12-12T21:47:15.575+0000] {local_task_job_runner.py:266} INFO - Task exited with return code 0
[2024-12-12T21:47:15.589+0000] {taskinstance.py:3895} INFO - 0 downstream tasks scheduled from follow-on schedule check
[2024-12-12T21:47:15.591+0000] {local_task_job_runner.py:245} INFO - ::endgroup::
