[2024-12-14T11:20:47.149+0000] {local_task_job_runner.py:123} INFO - ::group::Pre task execution logs
[2024-12-14T11:20:47.162+0000] {taskinstance.py:2613} INFO - Dependencies all met for dep_context=non-requeueable deps ti=<TaskInstance: ecobalyse_dag.train_split_data manual__2024-12-14T11:20:28.457609+00:00 [queued]>
[2024-12-14T11:20:47.168+0000] {taskinstance.py:2613} INFO - Dependencies all met for dep_context=requeueable deps ti=<TaskInstance: ecobalyse_dag.train_split_data manual__2024-12-14T11:20:28.457609+00:00 [queued]>
[2024-12-14T11:20:47.168+0000] {taskinstance.py:2866} INFO - Starting attempt 1 of 3
[2024-12-14T11:20:47.176+0000] {taskinstance.py:2889} INFO - Executing <Task(PythonOperator): train_split_data> on 2024-12-14 11:20:28.457609+00:00
[2024-12-14T11:20:47.185+0000] {warnings.py:112} WARNING - /home/***/.local/lib/python3.12/site-packages/***/task/task_runner/standard_task_runner.py:70: DeprecationWarning: This process (pid=3356) is multi-threaded, use of fork() may lead to deadlocks in the child.
  pid = os.fork()

[2024-12-14T11:20:47.186+0000] {standard_task_runner.py:72} INFO - Started process 3379 to run task
[2024-12-14T11:20:47.187+0000] {standard_task_runner.py:104} INFO - Running: ['***', 'tasks', 'run', 'ecobalyse_dag', 'train_split_data', 'manual__2024-12-14T11:20:28.457609+00:00', '--job-id', '610', '--raw', '--subdir', 'DAGS_FOLDER/data_transformations.py', '--cfg-path', '/tmp/tmp_pr41sj6']
[2024-12-14T11:20:47.188+0000] {standard_task_runner.py:105} INFO - Job 610: Subtask train_split_data
[2024-12-14T11:20:47.218+0000] {task_command.py:467} INFO - Running <TaskInstance: ecobalyse_dag.train_split_data manual__2024-12-14T11:20:28.457609+00:00 [running]> on host a07fab1983be
[2024-12-14T11:20:47.278+0000] {taskinstance.py:3132} INFO - Exporting env vars: AIRFLOW_CTX_DAG_EMAIL='thiernosidybah232@gmail.com' AIRFLOW_CTX_DAG_OWNER='***' AIRFLOW_CTX_DAG_ID='ecobalyse_dag' AIRFLOW_CTX_TASK_ID='train_split_data' AIRFLOW_CTX_EXECUTION_DATE='2024-12-14T11:20:28.457609+00:00' AIRFLOW_CTX_TRY_NUMBER='1' AIRFLOW_CTX_DAG_RUN_ID='manual__2024-12-14T11:20:28.457609+00:00'
[2024-12-14T11:20:47.279+0000] {logging_mixin.py:190} INFO - Task instance is in running state
[2024-12-14T11:20:47.279+0000] {logging_mixin.py:190} INFO -  Previous state of the Task instance: queued
[2024-12-14T11:20:47.279+0000] {logging_mixin.py:190} INFO - Current task name:train_split_data state:running start_date:2024-12-14 11:20:47.162559+00:00
[2024-12-14T11:20:47.279+0000] {logging_mixin.py:190} INFO - Dag name:ecobalyse_dag and current dag run status:running
[2024-12-14T11:20:47.279+0000] {taskinstance.py:731} INFO - ::endgroup::
[2024-12-14T11:20:47.309+0000] {logging_mixin.py:190} INFO - X_train shape (1315, 11)
[2024-12-14T11:20:47.309+0000] {logging_mixin.py:190} INFO - -------------------------
[2024-12-14T11:20:47.309+0000] {logging_mixin.py:190} INFO - X_test shape (439, 11)
[2024-12-14T11:20:47.310+0000] {logging_mixin.py:190} INFO - -------------------------
[2024-12-14T11:20:47.310+0000] {logging_mixin.py:190} INFO - y_train shape (1315,)
[2024-12-14T11:20:47.310+0000] {logging_mixin.py:190} INFO - -------------------------
[2024-12-14T11:20:47.310+0000] {logging_mixin.py:190} INFO - y_test test shape (439,)
[2024-12-14T11:20:47.329+0000] {python.py:240} INFO - Done. Returned value was: None
[2024-12-14T11:20:47.342+0000] {taskinstance.py:340} INFO - ::group::Post task execution logs
[2024-12-14T11:20:47.343+0000] {taskinstance.py:352} INFO - Marking task as SUCCESS. dag_id=ecobalyse_dag, task_id=train_split_data, run_id=manual__2024-12-14T11:20:28.457609+00:00, execution_date=20241214T112028, start_date=20241214T112047, end_date=20241214T112047
[2024-12-14T11:20:47.356+0000] {logging_mixin.py:190} INFO - Task instance in success state
[2024-12-14T11:20:47.356+0000] {logging_mixin.py:190} INFO -  Previous state of the Task instance: running
[2024-12-14T11:20:47.356+0000] {logging_mixin.py:190} INFO - Dag name:ecobalyse_dag queued_at:2024-12-14 11:20:28.473341+00:00
[2024-12-14T11:20:47.356+0000] {logging_mixin.py:190} INFO - Task hostname:a07fab1983be operator:PythonOperator
[2024-12-14T11:20:47.400+0000] {local_task_job_runner.py:266} INFO - Task exited with return code 0
[2024-12-14T11:20:47.427+0000] {taskinstance.py:3895} INFO - 1 downstream tasks scheduled from follow-on schedule check
[2024-12-14T11:20:47.429+0000] {local_task_job_runner.py:245} INFO - ::endgroup::
