[2024-12-14T13:41:19.264+0000] {local_task_job_runner.py:123} INFO - ::group::Pre task execution logs
[2024-12-14T13:41:19.280+0000] {taskinstance.py:2613} INFO - Dependencies all met for dep_context=non-requeueable deps ti=<TaskInstance: ecobalyse_dag.dasbord_visualization manual__2024-12-14T13:41:03.642609+00:00 [queued]>
[2024-12-14T13:41:19.290+0000] {taskinstance.py:2613} INFO - Dependencies all met for dep_context=requeueable deps ti=<TaskInstance: ecobalyse_dag.dasbord_visualization manual__2024-12-14T13:41:03.642609+00:00 [queued]>
[2024-12-14T13:41:19.290+0000] {taskinstance.py:2866} INFO - Starting attempt 1 of 3
[2024-12-14T13:41:19.302+0000] {taskinstance.py:2889} INFO - Executing <Task(PythonOperator): dasbord_visualization> on 2024-12-14 13:41:03.642609+00:00
[2024-12-14T13:41:19.310+0000] {warnings.py:112} WARNING - /home/***/.local/lib/python3.12/site-packages/***/task/task_runner/standard_task_runner.py:70: DeprecationWarning: This process (pid=9639) is multi-threaded, use of fork() may lead to deadlocks in the child.
  pid = os.fork()

[2024-12-14T13:41:19.311+0000] {standard_task_runner.py:72} INFO - Started process 9685 to run task
[2024-12-14T13:41:19.312+0000] {standard_task_runner.py:104} INFO - Running: ['***', 'tasks', 'run', 'ecobalyse_dag', 'dasbord_visualization', 'manual__2024-12-14T13:41:03.642609+00:00', '--job-id', '752', '--raw', '--subdir', 'DAGS_FOLDER/data_transformations.py', '--cfg-path', '/tmp/tmp6ra6f_qz']
[2024-12-14T13:41:19.313+0000] {standard_task_runner.py:105} INFO - Job 752: Subtask dasbord_visualization
[2024-12-14T13:41:19.352+0000] {task_command.py:467} INFO - Running <TaskInstance: ecobalyse_dag.dasbord_visualization manual__2024-12-14T13:41:03.642609+00:00 [running]> on host a07fab1983be
[2024-12-14T13:41:19.429+0000] {taskinstance.py:3132} INFO - Exporting env vars: AIRFLOW_CTX_DAG_EMAIL='thiernosidybah232@gmail.com' AIRFLOW_CTX_DAG_OWNER='***' AIRFLOW_CTX_DAG_ID='ecobalyse_dag' AIRFLOW_CTX_TASK_ID='dasbord_visualization' AIRFLOW_CTX_EXECUTION_DATE='2024-12-14T13:41:03.642609+00:00' AIRFLOW_CTX_TRY_NUMBER='1' AIRFLOW_CTX_DAG_RUN_ID='manual__2024-12-14T13:41:03.642609+00:00'
[2024-12-14T13:41:19.430+0000] {logging_mixin.py:190} INFO - Task instance is in running state
[2024-12-14T13:41:19.431+0000] {logging_mixin.py:190} INFO -  Previous state of the Task instance: queued
[2024-12-14T13:41:19.431+0000] {logging_mixin.py:190} INFO - Current task name:dasbord_visualization state:running start_date:2024-12-14 13:41:19.280664+00:00
[2024-12-14T13:41:19.431+0000] {logging_mixin.py:190} INFO - Dag name:ecobalyse_dag and current dag run status:running
[2024-12-14T13:41:19.432+0000] {taskinstance.py:731} INFO - ::endgroup::
[2024-12-14T13:41:19.432+0000] {logging_mixin.py:190} INFO - Hello to le mond
[2024-12-14T13:41:19.432+0000] {python.py:240} INFO - Done. Returned value was: None
[2024-12-14T13:41:19.446+0000] {taskinstance.py:340} INFO - ::group::Post task execution logs
[2024-12-14T13:41:19.446+0000] {taskinstance.py:352} INFO - Marking task as SUCCESS. dag_id=ecobalyse_dag, task_id=dasbord_visualization, run_id=manual__2024-12-14T13:41:03.642609+00:00, execution_date=20241214T134103, start_date=20241214T134119, end_date=20241214T134119
[2024-12-14T13:41:19.459+0000] {logging_mixin.py:190} INFO - Task instance in success state
[2024-12-14T13:41:19.459+0000] {logging_mixin.py:190} INFO -  Previous state of the Task instance: running
[2024-12-14T13:41:19.459+0000] {logging_mixin.py:190} INFO - Dag name:ecobalyse_dag queued_at:2024-12-14 13:41:03.660173+00:00
[2024-12-14T13:41:19.459+0000] {logging_mixin.py:190} INFO - Task hostname:a07fab1983be operator:PythonOperator
[2024-12-14T13:41:19.484+0000] {local_task_job_runner.py:266} INFO - Task exited with return code 0
[2024-12-14T13:41:19.514+0000] {taskinstance.py:3895} INFO - 0 downstream tasks scheduled from follow-on schedule check
[2024-12-14T13:41:19.515+0000] {local_task_job_runner.py:245} INFO - ::endgroup::
