[2024-12-13T00:23:28.474+0000] {local_task_job_runner.py:123} INFO - ::group::Pre task execution logs
[2024-12-13T00:23:28.506+0000] {taskinstance.py:2613} INFO - Dependencies all met for dep_context=non-requeueable deps ti=<TaskInstance: ecobalyse_dag.create_table manual__2024-12-13T00:23:19.815194+00:00 [queued]>
[2024-12-13T00:23:28.513+0000] {taskinstance.py:2613} INFO - Dependencies all met for dep_context=requeueable deps ti=<TaskInstance: ecobalyse_dag.create_table manual__2024-12-13T00:23:19.815194+00:00 [queued]>
[2024-12-13T00:23:28.514+0000] {taskinstance.py:2866} INFO - Starting attempt 1 of 3
[2024-12-13T00:23:28.526+0000] {taskinstance.py:2889} INFO - Executing <Task(PostgresOperator): create_table> on 2024-12-13 00:23:19.815194+00:00
[2024-12-13T00:23:28.534+0000] {warnings.py:112} WARNING - /home/***/.local/lib/python3.12/site-packages/***/task/task_runner/standard_task_runner.py:70: DeprecationWarning: This process (pid=1072) is multi-threaded, use of fork() may lead to deadlocks in the child.
  pid = os.fork()

[2024-12-13T00:23:28.535+0000] {standard_task_runner.py:72} INFO - Started process 1074 to run task
[2024-12-13T00:23:28.543+0000] {standard_task_runner.py:104} INFO - Running: ['***', 'tasks', 'run', 'ecobalyse_dag', 'create_table', 'manual__2024-12-13T00:23:19.815194+00:00', '--job-id', '220', '--raw', '--subdir', 'DAGS_FOLDER/data_transformations.py', '--cfg-path', '/tmp/tmpv8i0awpi']
[2024-12-13T00:23:28.544+0000] {standard_task_runner.py:105} INFO - Job 220: Subtask create_table
[2024-12-13T00:23:28.598+0000] {task_command.py:467} INFO - Running <TaskInstance: ecobalyse_dag.create_table manual__2024-12-13T00:23:19.815194+00:00 [running]> on host c8c82134bf48
[2024-12-13T00:23:28.884+0000] {taskinstance.py:3132} INFO - Exporting env vars: AIRFLOW_CTX_DAG_EMAIL='thiernosidybah232@gmail.com' AIRFLOW_CTX_DAG_OWNER='***' AIRFLOW_CTX_DAG_ID='ecobalyse_dag' AIRFLOW_CTX_TASK_ID='create_table' AIRFLOW_CTX_EXECUTION_DATE='2024-12-13T00:23:19.815194+00:00' AIRFLOW_CTX_TRY_NUMBER='1' AIRFLOW_CTX_DAG_RUN_ID='manual__2024-12-13T00:23:19.815194+00:00'
[2024-12-13T00:23:28.884+0000] {logging_mixin.py:190} INFO - Task instance is in running state
[2024-12-13T00:23:28.885+0000] {logging_mixin.py:190} INFO -  Previous state of the Task instance: queued
[2024-12-13T00:23:28.885+0000] {logging_mixin.py:190} INFO - Current task name:create_table state:running start_date:2024-12-13 00:23:28.506644+00:00
[2024-12-13T00:23:28.885+0000] {logging_mixin.py:190} INFO - Dag name:ecobalyse_dag and current dag run status:running
[2024-12-13T00:23:28.885+0000] {taskinstance.py:731} INFO - ::endgroup::
[2024-12-13T00:23:28.885+0000] {sql.py:278} INFO - Executing:  
                        DROP TABLE  IF EXISTS Ecobalyse_table;
                        CREATE TABLE IF NOT EXISTS Ecobalyse_table(
                           
                                acd NUMERIC,
                                cch NUMERIC,
                                etf NUMERIC, 
                                etf_c NUMERIC, 
                                fru NUMERIC, 
                                fwe NUMERIC,
                                htc NUMERIC,
                                htc_c NUMERIC, 
                                htn NUMERIC,
                                htn_c NUMERIC,
                                ior NUMERIC,  
                                ldu NUMERIC, 
                                mru NUMERIC, 
                                ozd NUMERIC,
                                pco NUMERIC, 
                                pma NUMERIC,
                                swe NUMERIC,
                                tre NUMERIC,
                                wtu NUMERIC,
                                ecs NUMERIC, 
                                pef NUMERIC, 
                                air_transport_ratio NUMERIC, 
                                business TEXT,
                                country_dyeing TEXT,
                                country_fabric TEXT,
                                country_making TEXT, 
                                country_spinning TEXT, 
                                fabric_process TEXT,
                                making_complexity TEXT, 
                                making_dead_stock NUMERIC,
                                making_waste NUMERIC, 
                                mass NUMERIC,
                                number_of_references NUMERIC,
                                physical_durability NUMERIC,
                                price NUMERIC, 
                                product TEXT,
                                surface_mass NUMERIC, 
                                traceability BOOLEAN,
                                upcycled BOOLEAN,
                                yarnSize NUMERIC
                           
                           
                           
                           
                           ); 
                    
[2024-12-13T00:23:28.913+0000] {base.py:84} INFO - Retrieving connection 'ecobalyse_database_connection'
[2024-12-13T00:23:28.922+0000] {base.py:84} INFO - Retrieving connection 'ecobalyse_database_connection'
[2024-12-13T00:23:28.931+0000] {sql.py:544} INFO - Running statement:  
                        DROP TABLE  IF EXISTS Ecobalyse_table;
                        CREATE TABLE IF NOT EXISTS Ecobalyse_table(
                           
                                acd NUMERIC,
                                cch NUMERIC,
                                etf NUMERIC, 
                                etf_c NUMERIC, 
                                fru NUMERIC, 
                                fwe NUMERIC,
                                htc NUMERIC,
                                htc_c NUMERIC, 
                                htn NUMERIC,
                                htn_c NUMERIC,
                                ior NUMERIC,  
                                ldu NUMERIC, 
                                mru NUMERIC, 
                                ozd NUMERIC,
                                pco NUMERIC, 
                                pma NUMERIC,
                                swe NUMERIC,
                                tre NUMERIC,
                                wtu NUMERIC,
                                ecs NUMERIC, 
                                pef NUMERIC, 
                                air_transport_ratio NUMERIC, 
                                business TEXT,
                                country_dyeing TEXT,
                                country_fabric TEXT,
                                country_making TEXT, 
                                country_spinning TEXT, 
                                fabric_process TEXT,
                                making_complexity TEXT, 
                                making_dead_stock NUMERIC,
                                making_waste NUMERIC, 
                                mass NUMERIC,
                                number_of_references NUMERIC,
                                physical_durability NUMERIC,
                                price NUMERIC, 
                                product TEXT,
                                surface_mass NUMERIC, 
                                traceability BOOLEAN,
                                upcycled BOOLEAN,
                                yarnSize NUMERIC
                           
                           
                           
                           
                           ); 
                    , parameters: None
[2024-12-13T00:23:28.947+0000] {taskinstance.py:340} INFO - ::group::Post task execution logs
[2024-12-13T00:23:28.948+0000] {taskinstance.py:352} INFO - Marking task as SUCCESS. dag_id=ecobalyse_dag, task_id=create_table, run_id=manual__2024-12-13T00:23:19.815194+00:00, execution_date=20241213T002319, start_date=20241213T002328, end_date=20241213T002328
[2024-12-13T00:23:28.956+0000] {logging_mixin.py:190} INFO - Task instance in success state
[2024-12-13T00:23:28.956+0000] {logging_mixin.py:190} INFO -  Previous state of the Task instance: running
[2024-12-13T00:23:28.956+0000] {logging_mixin.py:190} INFO - Dag name:ecobalyse_dag queued_at:2024-12-13 00:23:19.826221+00:00
[2024-12-13T00:23:28.956+0000] {logging_mixin.py:190} INFO - Task hostname:c8c82134bf48 operator:PostgresOperator
[2024-12-13T00:23:28.993+0000] {local_task_job_runner.py:266} INFO - Task exited with return code 0
[2024-12-13T00:23:29.021+0000] {taskinstance.py:3895} INFO - 1 downstream tasks scheduled from follow-on schedule check
[2024-12-13T00:23:29.024+0000] {local_task_job_runner.py:245} INFO - ::endgroup::
