[2024-12-14T09:05:31.269+0000] {local_task_job_runner.py:123} INFO - ::group::Pre task execution logs
[2024-12-14T09:05:31.286+0000] {taskinstance.py:2613} INFO - Dependencies all met for dep_context=non-requeueable deps ti=<TaskInstance: ecobalyse_dag.prepare_data manual__2024-12-14T09:05:17.317187+00:00 [queued]>
[2024-12-14T09:05:31.292+0000] {taskinstance.py:2613} INFO - Dependencies all met for dep_context=requeueable deps ti=<TaskInstance: ecobalyse_dag.prepare_data manual__2024-12-14T09:05:17.317187+00:00 [queued]>
[2024-12-14T09:05:31.292+0000] {taskinstance.py:2866} INFO - Starting attempt 1 of 3
[2024-12-14T09:05:31.299+0000] {taskinstance.py:2889} INFO - Executing <Task(PythonOperator): prepare_data> on 2024-12-14 09:05:17.317187+00:00
[2024-12-14T09:05:31.304+0000] {warnings.py:112} WARNING - /home/***/.local/lib/python3.12/site-packages/***/task/task_runner/standard_task_runner.py:70: DeprecationWarning: This process (pid=199) is multi-threaded, use of fork() may lead to deadlocks in the child.
  pid = os.fork()

[2024-12-14T09:05:31.305+0000] {standard_task_runner.py:72} INFO - Started process 203 to run task
[2024-12-14T09:05:31.307+0000] {standard_task_runner.py:104} INFO - Running: ['***', 'tasks', 'run', 'ecobalyse_dag', 'prepare_data', 'manual__2024-12-14T09:05:17.317187+00:00', '--job-id', '443', '--raw', '--subdir', 'DAGS_FOLDER/data_transformations.py', '--cfg-path', '/tmp/tmpvcpm1kz7']
[2024-12-14T09:05:31.307+0000] {standard_task_runner.py:105} INFO - Job 443: Subtask prepare_data
[2024-12-14T09:05:31.355+0000] {task_command.py:467} INFO - Running <TaskInstance: ecobalyse_dag.prepare_data manual__2024-12-14T09:05:17.317187+00:00 [running]> on host e6c25a89c402
[2024-12-14T09:05:31.610+0000] {taskinstance.py:3132} INFO - Exporting env vars: AIRFLOW_CTX_DAG_EMAIL='thiernosidybah232@gmail.com' AIRFLOW_CTX_DAG_OWNER='***' AIRFLOW_CTX_DAG_ID='ecobalyse_dag' AIRFLOW_CTX_TASK_ID='prepare_data' AIRFLOW_CTX_EXECUTION_DATE='2024-12-14T09:05:17.317187+00:00' AIRFLOW_CTX_TRY_NUMBER='1' AIRFLOW_CTX_DAG_RUN_ID='manual__2024-12-14T09:05:17.317187+00:00'
[2024-12-14T09:05:31.611+0000] {logging_mixin.py:190} INFO - Task instance is in running state
[2024-12-14T09:05:31.611+0000] {logging_mixin.py:190} INFO -  Previous state of the Task instance: queued
[2024-12-14T09:05:31.611+0000] {logging_mixin.py:190} INFO - Current task name:prepare_data state:running start_date:2024-12-14 09:05:31.286654+00:00
[2024-12-14T09:05:31.611+0000] {logging_mixin.py:190} INFO - Dag name:ecobalyse_dag and current dag run status:running
[2024-12-14T09:05:31.611+0000] {taskinstance.py:731} INFO - ::endgroup::
[2024-12-14T09:05:31.611+0000] {logging_mixin.py:190} INFO - Bonjour Thierno
[2024-12-14T09:05:31.612+0000] {python.py:240} INFO - Done. Returned value was: None
[2024-12-14T09:05:31.623+0000] {taskinstance.py:340} INFO - ::group::Post task execution logs
[2024-12-14T09:05:31.624+0000] {taskinstance.py:352} INFO - Marking task as SUCCESS. dag_id=ecobalyse_dag, task_id=prepare_data, run_id=manual__2024-12-14T09:05:17.317187+00:00, execution_date=20241214T090517, start_date=20241214T090531, end_date=20241214T090531
[2024-12-14T09:05:31.644+0000] {logging_mixin.py:190} INFO - Task instance in success state
[2024-12-14T09:05:31.644+0000] {logging_mixin.py:190} INFO -  Previous state of the Task instance: running
[2024-12-14T09:05:31.645+0000] {logging_mixin.py:190} INFO - Dag name:ecobalyse_dag queued_at:2024-12-14 09:05:17.343554+00:00
[2024-12-14T09:05:31.645+0000] {logging_mixin.py:190} INFO - Task hostname:e6c25a89c402 operator:PythonOperator
[2024-12-14T09:05:31.679+0000] {local_task_job_runner.py:266} INFO - Task exited with return code 0
[2024-12-14T09:05:31.695+0000] {taskinstance.py:3895} INFO - 1 downstream tasks scheduled from follow-on schedule check
[2024-12-14T09:05:31.697+0000] {local_task_job_runner.py:245} INFO - ::endgroup::
