[2024-12-14T14:27:42.510+0000] {local_task_job_runner.py:123} INFO - ::group::Pre task execution logs
[2024-12-14T14:27:42.526+0000] {taskinstance.py:2613} INFO - Dependencies all met for dep_context=non-requeueable deps ti=<TaskInstance: ecobalyse_dag.linear_regression manual__2024-12-14T14:27:23.329392+00:00 [queued]>
[2024-12-14T14:27:42.536+0000] {taskinstance.py:2613} INFO - Dependencies all met for dep_context=requeueable deps ti=<TaskInstance: ecobalyse_dag.linear_regression manual__2024-12-14T14:27:23.329392+00:00 [queued]>
[2024-12-14T14:27:42.536+0000] {taskinstance.py:2866} INFO - Starting attempt 1 of 3
[2024-12-14T14:27:42.548+0000] {taskinstance.py:2889} INFO - Executing <Task(PythonOperator): linear_regression> on 2024-12-14 14:27:23.329392+00:00
[2024-12-14T14:27:42.556+0000] {warnings.py:112} WARNING - /home/***/.local/lib/python3.12/site-packages/***/task/task_runner/standard_task_runner.py:70: DeprecationWarning: This process (pid=12727) is multi-threaded, use of fork() may lead to deadlocks in the child.
  pid = os.fork()

[2024-12-14T14:27:42.556+0000] {standard_task_runner.py:72} INFO - Started process 12797 to run task
[2024-12-14T14:27:42.558+0000] {standard_task_runner.py:104} INFO - Running: ['***', 'tasks', 'run', 'ecobalyse_dag', 'linear_regression', 'manual__2024-12-14T14:27:23.329392+00:00', '--job-id', '840', '--raw', '--subdir', 'DAGS_FOLDER/data_transformations.py', '--cfg-path', '/tmp/tmpef7atvx2']
[2024-12-14T14:27:42.559+0000] {standard_task_runner.py:105} INFO - Job 840: Subtask linear_regression
[2024-12-14T14:27:42.592+0000] {task_command.py:467} INFO - Running <TaskInstance: ecobalyse_dag.linear_regression manual__2024-12-14T14:27:23.329392+00:00 [running]> on host a07fab1983be
[2024-12-14T14:27:42.650+0000] {taskinstance.py:3132} INFO - Exporting env vars: AIRFLOW_CTX_DAG_EMAIL='thiernosidybah232@gmail.com' AIRFLOW_CTX_DAG_OWNER='***' AIRFLOW_CTX_DAG_ID='ecobalyse_dag' AIRFLOW_CTX_TASK_ID='linear_regression' AIRFLOW_CTX_EXECUTION_DATE='2024-12-14T14:27:23.329392+00:00' AIRFLOW_CTX_TRY_NUMBER='1' AIRFLOW_CTX_DAG_RUN_ID='manual__2024-12-14T14:27:23.329392+00:00'
[2024-12-14T14:27:42.651+0000] {logging_mixin.py:190} INFO - Task instance is in running state
[2024-12-14T14:27:42.652+0000] {logging_mixin.py:190} INFO -  Previous state of the Task instance: queued
[2024-12-14T14:27:42.652+0000] {logging_mixin.py:190} INFO - Current task name:linear_regression state:running start_date:2024-12-14 14:27:42.527128+00:00
[2024-12-14T14:27:42.652+0000] {logging_mixin.py:190} INFO - Dag name:ecobalyse_dag and current dag run status:running
[2024-12-14T14:27:42.652+0000] {taskinstance.py:731} INFO - ::endgroup::
[2024-12-14T14:27:42.671+0000] {logging_mixin.py:190} INFO - X_train shape (1315, 11)
[2024-12-14T14:27:42.671+0000] {logging_mixin.py:190} INFO - -------------------------
[2024-12-14T14:27:42.672+0000] {logging_mixin.py:190} INFO - X_test shape (439, 11)
[2024-12-14T14:27:42.672+0000] {logging_mixin.py:190} INFO - -------------------------
[2024-12-14T14:27:42.672+0000] {logging_mixin.py:190} INFO - y_train shape (1315,)
[2024-12-14T14:27:42.672+0000] {logging_mixin.py:190} INFO - -------------------------
[2024-12-14T14:27:42.672+0000] {logging_mixin.py:190} INFO - y_test test shape (439,)
[2024-12-14T14:27:42.767+0000] {logging_mixin.py:190} INFO -       Metrics      Values
0   mae_train  321.701973
1   mse_train  487.271738
2  rmse_train   22.074232
3    mae_test  346.008611
4    mse_test  556.186358
5   rmse_test   23.583604
[2024-12-14T14:27:42.770+0000] {logging_mixin.py:190} INFO -                           Coeffs
intercept              -8.522178
mass                 4105.780930
product                10.069602
making_waste         1426.085600
yarn_size               2.503530
physical_durability  -673.871186
making_dead_stock    1443.326581
fabric_process         53.315710
price                  -0.119128
air_transport_ratio   143.927778
country_dyeing         -4.663744
country_fabric         -1.285552
[2024-12-14T14:27:42.774+0000] {python.py:240} INFO - Done. Returned value was: None
[2024-12-14T14:27:42.781+0000] {taskinstance.py:340} INFO - ::group::Post task execution logs
[2024-12-14T14:27:42.782+0000] {taskinstance.py:352} INFO - Marking task as SUCCESS. dag_id=ecobalyse_dag, task_id=linear_regression, run_id=manual__2024-12-14T14:27:23.329392+00:00, execution_date=20241214T142723, start_date=20241214T142742, end_date=20241214T142742
[2024-12-14T14:27:42.790+0000] {logging_mixin.py:190} INFO - Task instance in success state
[2024-12-14T14:27:42.790+0000] {logging_mixin.py:190} INFO -  Previous state of the Task instance: running
[2024-12-14T14:27:42.790+0000] {logging_mixin.py:190} INFO - Dag name:ecobalyse_dag queued_at:2024-12-14 14:27:23.341345+00:00
[2024-12-14T14:27:42.790+0000] {logging_mixin.py:190} INFO - Task hostname:a07fab1983be operator:PythonOperator
[2024-12-14T14:27:42.811+0000] {local_task_job_runner.py:266} INFO - Task exited with return code 0
[2024-12-14T14:27:42.824+0000] {taskinstance.py:3895} INFO - 0 downstream tasks scheduled from follow-on schedule check
[2024-12-14T14:27:42.825+0000] {local_task_job_runner.py:245} INFO - ::endgroup::
