[2024-12-12T22:00:11.234+0000] {local_task_job_runner.py:123} INFO - ::group::Pre task execution logs
[2024-12-12T22:00:11.357+0000] {taskinstance.py:2613} INFO - Dependencies all met for dep_context=non-requeueable deps ti=<TaskInstance: ecobalyse_dag.transform_json_to_dataframe manual__2024-12-12T22:00:07.329998+00:00 [queued]>
[2024-12-12T22:00:11.365+0000] {taskinstance.py:2613} INFO - Dependencies all met for dep_context=requeueable deps ti=<TaskInstance: ecobalyse_dag.transform_json_to_dataframe manual__2024-12-12T22:00:07.329998+00:00 [queued]>
[2024-12-12T22:00:11.366+0000] {taskinstance.py:2866} INFO - Starting attempt 1 of 3
[2024-12-12T22:00:11.379+0000] {taskinstance.py:2889} INFO - Executing <Task(PythonOperator): transform_json_to_dataframe> on 2024-12-12 22:00:07.329998+00:00
[2024-12-12T22:00:11.385+0000] {warnings.py:112} WARNING - /home/***/.local/lib/python3.12/site-packages/***/task/task_runner/standard_task_runner.py:70: DeprecationWarning: This process (pid=2056) is multi-threaded, use of fork() may lead to deadlocks in the child.
  pid = os.fork()

[2024-12-12T22:00:11.386+0000] {standard_task_runner.py:72} INFO - Started process 2058 to run task
[2024-12-12T22:00:11.388+0000] {standard_task_runner.py:104} INFO - Running: ['***', 'tasks', 'run', 'ecobalyse_dag', 'transform_json_to_dataframe', 'manual__2024-12-12T22:00:07.329998+00:00', '--job-id', '90', '--raw', '--subdir', 'DAGS_FOLDER/data_transformations.py', '--cfg-path', '/tmp/tmp813mhkcv']
[2024-12-12T22:00:11.388+0000] {standard_task_runner.py:105} INFO - Job 90: Subtask transform_json_to_dataframe
[2024-12-12T22:00:11.426+0000] {task_command.py:467} INFO - Running <TaskInstance: ecobalyse_dag.transform_json_to_dataframe manual__2024-12-12T22:00:07.329998+00:00 [running]> on host c67d6daee869
[2024-12-12T22:00:11.490+0000] {taskinstance.py:3132} INFO - Exporting env vars: AIRFLOW_CTX_DAG_EMAIL='thiernosidybah232@gmail.com' AIRFLOW_CTX_DAG_OWNER='***' AIRFLOW_CTX_DAG_ID='ecobalyse_dag' AIRFLOW_CTX_TASK_ID='transform_json_to_dataframe' AIRFLOW_CTX_EXECUTION_DATE='2024-12-12T22:00:07.329998+00:00' AIRFLOW_CTX_TRY_NUMBER='1' AIRFLOW_CTX_DAG_RUN_ID='manual__2024-12-12T22:00:07.329998+00:00'
[2024-12-12T22:00:11.491+0000] {logging_mixin.py:190} INFO - Task instance is in running state
[2024-12-12T22:00:11.491+0000] {logging_mixin.py:190} INFO -  Previous state of the Task instance: queued
[2024-12-12T22:00:11.491+0000] {logging_mixin.py:190} INFO - Current task name:transform_json_to_dataframe state:running start_date:2024-12-12 22:00:11.357370+00:00
[2024-12-12T22:00:11.491+0000] {logging_mixin.py:190} INFO - Dag name:ecobalyse_dag and current dag run status:running
[2024-12-12T22:00:11.491+0000] {taskinstance.py:731} INFO - ::endgroup::
[2024-12-12T22:00:11.873+0000] {python.py:240} INFO - Done. Returned value was:            acd        cch         etf  ...        wtu          ecs          pef
0     0.145715  24.225602  111.592737  ...   4.243234  3371.593189  2358.028274
1     0.021158   2.742027    7.873200  ...   0.542432   306.325709   265.634710
2     0.181251  20.854182   91.044543  ...   6.954623  2898.766484  2234.862138
3     0.305665  32.175170  109.146844  ...  12.687058  3719.728891  3117.741446
4     0.094097  12.514815   56.131237  ...   4.962141  1603.374028  1323.197677
...        ...        ...         ...  ...        ...          ...          ...
1995  0.013622   1.277167    8.489200  ...   1.080800   190.276460   165.354902
1996  0.012454   2.119724    8.587306  ...   0.716912   266.010699   200.249170
1997  0.037950   6.383826   20.201587  ...   1.603087   881.295206   717.411562
1998  0.152916  20.192347  100.643630  ...   6.591835  3114.893849  1980.230076
1999  0.191641  19.621334   76.992468  ...   4.805970  2634.072754  2124.628160

[2000 rows x 21 columns]
[2024-12-12T22:00:11.985+0000] {taskinstance.py:340} INFO - ::group::Post task execution logs
[2024-12-12T22:00:11.985+0000] {taskinstance.py:352} INFO - Marking task as SUCCESS. dag_id=ecobalyse_dag, task_id=transform_json_to_dataframe, run_id=manual__2024-12-12T22:00:07.329998+00:00, execution_date=20241212T220007, start_date=20241212T220011, end_date=20241212T220011
[2024-12-12T22:00:11.995+0000] {logging_mixin.py:190} INFO - Task instance in success state
[2024-12-12T22:00:11.995+0000] {logging_mixin.py:190} INFO -  Previous state of the Task instance: running
[2024-12-12T22:00:11.995+0000] {logging_mixin.py:190} INFO - Dag name:ecobalyse_dag queued_at:2024-12-12 22:00:07.340977+00:00
[2024-12-12T22:00:11.996+0000] {logging_mixin.py:190} INFO - Task hostname:c67d6daee869 operator:PythonOperator
[2024-12-12T22:00:12.042+0000] {local_task_job_runner.py:266} INFO - Task exited with return code 0
[2024-12-12T22:00:12.060+0000] {taskinstance.py:3895} INFO - 0 downstream tasks scheduled from follow-on schedule check
[2024-12-12T22:00:12.062+0000] {local_task_job_runner.py:245} INFO - ::endgroup::
