[2024-12-14T11:31:53.505+0000] {local_task_job_runner.py:123} INFO - ::group::Pre task execution logs
[2024-12-14T11:31:53.516+0000] {taskinstance.py:2613} INFO - Dependencies all met for dep_context=non-requeueable deps ti=<TaskInstance: ecobalyse_dag.linear_regression manual__2024-12-14T11:31:33.487181+00:00 [queued]>
[2024-12-14T11:31:53.521+0000] {taskinstance.py:2613} INFO - Dependencies all met for dep_context=requeueable deps ti=<TaskInstance: ecobalyse_dag.linear_regression manual__2024-12-14T11:31:33.487181+00:00 [queued]>
[2024-12-14T11:31:53.522+0000] {taskinstance.py:2866} INFO - Starting attempt 1 of 3
[2024-12-14T11:31:53.530+0000] {taskinstance.py:2889} INFO - Executing <Task(PythonOperator): linear_regression> on 2024-12-14 11:31:33.487181+00:00
[2024-12-14T11:31:53.536+0000] {warnings.py:112} WARNING - /home/***/.local/lib/python3.12/site-packages/***/task/task_runner/standard_task_runner.py:70: DeprecationWarning: This process (pid=5150) is multi-threaded, use of fork() may lead to deadlocks in the child.
  pid = os.fork()

[2024-12-14T11:31:53.537+0000] {standard_task_runner.py:72} INFO - Started process 5180 to run task
[2024-12-14T11:31:53.539+0000] {standard_task_runner.py:104} INFO - Running: ['***', 'tasks', 'run', 'ecobalyse_dag', 'linear_regression', 'manual__2024-12-14T11:31:33.487181+00:00', '--job-id', '664', '--raw', '--subdir', 'DAGS_FOLDER/data_transformations.py', '--cfg-path', '/tmp/tmpkz9j7cna']
[2024-12-14T11:31:53.540+0000] {standard_task_runner.py:105} INFO - Job 664: Subtask linear_regression
[2024-12-14T11:31:53.576+0000] {task_command.py:467} INFO - Running <TaskInstance: ecobalyse_dag.linear_regression manual__2024-12-14T11:31:33.487181+00:00 [running]> on host a07fab1983be
[2024-12-14T11:31:53.637+0000] {taskinstance.py:3132} INFO - Exporting env vars: AIRFLOW_CTX_DAG_EMAIL='thiernosidybah232@gmail.com' AIRFLOW_CTX_DAG_OWNER='***' AIRFLOW_CTX_DAG_ID='ecobalyse_dag' AIRFLOW_CTX_TASK_ID='linear_regression' AIRFLOW_CTX_EXECUTION_DATE='2024-12-14T11:31:33.487181+00:00' AIRFLOW_CTX_TRY_NUMBER='1' AIRFLOW_CTX_DAG_RUN_ID='manual__2024-12-14T11:31:33.487181+00:00'
[2024-12-14T11:31:53.638+0000] {logging_mixin.py:190} INFO - Task instance is in running state
[2024-12-14T11:31:53.639+0000] {logging_mixin.py:190} INFO -  Previous state of the Task instance: queued
[2024-12-14T11:31:53.639+0000] {logging_mixin.py:190} INFO - Current task name:linear_regression state:running start_date:2024-12-14 11:31:53.517151+00:00
[2024-12-14T11:31:53.639+0000] {logging_mixin.py:190} INFO - Dag name:ecobalyse_dag and current dag run status:running
[2024-12-14T11:31:53.639+0000] {taskinstance.py:731} INFO - ::endgroup::
[2024-12-14T11:31:53.639+0000] {logging_mixin.py:190} INFO - ---Linear Regression-----------------
[2024-12-14T11:31:53.645+0000] {logging_mixin.py:190} INFO - (1315, 11)
[2024-12-14T11:31:53.645+0000] {logging_mixin.py:190} INFO - (439, 11)
[2024-12-14T11:31:53.645+0000] {logging_mixin.py:190} INFO - (1315,)
[2024-12-14T11:31:53.645+0000] {logging_mixin.py:190} INFO - (439,)
[2024-12-14T11:31:53.645+0000] {python.py:240} INFO - Done. Returned value was: None
[2024-12-14T11:31:53.652+0000] {taskinstance.py:340} INFO - ::group::Post task execution logs
[2024-12-14T11:31:53.652+0000] {taskinstance.py:352} INFO - Marking task as SUCCESS. dag_id=ecobalyse_dag, task_id=linear_regression, run_id=manual__2024-12-14T11:31:33.487181+00:00, execution_date=20241214T113133, start_date=20241214T113153, end_date=20241214T113153
[2024-12-14T11:31:53.658+0000] {logging_mixin.py:190} INFO - Task instance in success state
[2024-12-14T11:31:53.658+0000] {logging_mixin.py:190} INFO -  Previous state of the Task instance: running
[2024-12-14T11:31:53.658+0000] {logging_mixin.py:190} INFO - Dag name:ecobalyse_dag queued_at:2024-12-14 11:31:33.503914+00:00
[2024-12-14T11:31:53.658+0000] {logging_mixin.py:190} INFO - Task hostname:a07fab1983be operator:PythonOperator
[2024-12-14T11:31:53.671+0000] {local_task_job_runner.py:266} INFO - Task exited with return code 0
[2024-12-14T11:31:53.689+0000] {taskinstance.py:3895} INFO - 0 downstream tasks scheduled from follow-on schedule check
[2024-12-14T11:31:53.691+0000] {local_task_job_runner.py:245} INFO - ::endgroup::
