[2024-12-12T21:50:46.401+0000] {local_task_job_runner.py:123} INFO - ::group::Pre task execution logs
[2024-12-12T21:50:46.422+0000] {taskinstance.py:2613} INFO - Dependencies all met for dep_context=non-requeueable deps ti=<TaskInstance: ecobalyse_dag.load_json_file manual__2024-12-12T21:50:44.726231+00:00 [queued]>
[2024-12-12T21:50:46.575+0000] {taskinstance.py:2613} INFO - Dependencies all met for dep_context=requeueable deps ti=<TaskInstance: ecobalyse_dag.load_json_file manual__2024-12-12T21:50:44.726231+00:00 [queued]>
[2024-12-12T21:50:46.576+0000] {taskinstance.py:2866} INFO - Starting attempt 1 of 3
[2024-12-12T21:50:46.595+0000] {taskinstance.py:2889} INFO - Executing <Task(PythonOperator): load_json_file> on 2024-12-12 21:50:44.726231+00:00
[2024-12-12T21:50:46.602+0000] {warnings.py:112} WARNING - /home/***/.local/lib/python3.12/site-packages/***/task/task_runner/standard_task_runner.py:70: DeprecationWarning: This process (pid=1909) is multi-threaded, use of fork() may lead to deadlocks in the child.
  pid = os.fork()

[2024-12-12T21:50:46.603+0000] {standard_task_runner.py:72} INFO - Started process 1911 to run task
[2024-12-12T21:50:46.605+0000] {standard_task_runner.py:104} INFO - Running: ['***', 'tasks', 'run', 'ecobalyse_dag', 'load_json_file', 'manual__2024-12-12T21:50:44.726231+00:00', '--job-id', '85', '--raw', '--subdir', 'DAGS_FOLDER/data_transformations.py', '--cfg-path', '/tmp/tmp43g08mgw']
[2024-12-12T21:50:46.606+0000] {standard_task_runner.py:105} INFO - Job 85: Subtask load_json_file
[2024-12-12T21:50:46.663+0000] {task_command.py:467} INFO - Running <TaskInstance: ecobalyse_dag.load_json_file manual__2024-12-12T21:50:44.726231+00:00 [running]> on host c67d6daee869
[2024-12-12T21:50:46.748+0000] {taskinstance.py:3132} INFO - Exporting env vars: AIRFLOW_CTX_DAG_EMAIL='thiernosidybah232@gmail.com' AIRFLOW_CTX_DAG_OWNER='***' AIRFLOW_CTX_DAG_ID='ecobalyse_dag' AIRFLOW_CTX_TASK_ID='load_json_file' AIRFLOW_CTX_EXECUTION_DATE='2024-12-12T21:50:44.726231+00:00' AIRFLOW_CTX_TRY_NUMBER='1' AIRFLOW_CTX_DAG_RUN_ID='manual__2024-12-12T21:50:44.726231+00:00'
[2024-12-12T21:50:46.749+0000] {logging_mixin.py:190} INFO - Task instance is in running state
[2024-12-12T21:50:46.749+0000] {logging_mixin.py:190} INFO -  Previous state of the Task instance: queued
[2024-12-12T21:50:46.750+0000] {logging_mixin.py:190} INFO - Current task name:load_json_file state:running start_date:2024-12-12 21:50:46.422757+00:00
[2024-12-12T21:50:46.750+0000] {logging_mixin.py:190} INFO - Dag name:ecobalyse_dag and current dag run status:running
[2024-12-12T21:50:46.750+0000] {taskinstance.py:731} INFO - ::endgroup::
[2024-12-12T21:50:46.854+0000] {python.py:240} INFO - Done. Returned value was: None
[2024-12-12T21:50:46.867+0000] {taskinstance.py:340} INFO - ::group::Post task execution logs
[2024-12-12T21:50:46.868+0000] {taskinstance.py:352} INFO - Marking task as SUCCESS. dag_id=ecobalyse_dag, task_id=load_json_file, run_id=manual__2024-12-12T21:50:44.726231+00:00, execution_date=20241212T215044, start_date=20241212T215046, end_date=20241212T215046
[2024-12-12T21:50:46.885+0000] {logging_mixin.py:190} INFO - Task instance in success state
[2024-12-12T21:50:46.885+0000] {logging_mixin.py:190} INFO -  Previous state of the Task instance: running
[2024-12-12T21:50:46.885+0000] {logging_mixin.py:190} INFO - Dag name:ecobalyse_dag queued_at:2024-12-12 21:50:44.735741+00:00
[2024-12-12T21:50:46.885+0000] {logging_mixin.py:190} INFO - Task hostname:c67d6daee869 operator:PythonOperator
[2024-12-12T21:50:46.898+0000] {local_task_job_runner.py:266} INFO - Task exited with return code 0
[2024-12-12T21:50:46.923+0000] {taskinstance.py:3895} INFO - 0 downstream tasks scheduled from follow-on schedule check
[2024-12-12T21:50:46.925+0000] {local_task_job_runner.py:245} INFO - ::endgroup::
