[2024-12-13T17:13:42.218+0000] {local_task_job_runner.py:123} INFO - ::group::Pre task execution logs
[2024-12-13T17:13:42.235+0000] {taskinstance.py:2613} INFO - Dependencies all met for dep_context=non-requeueable deps ti=<TaskInstance: ecobalyse_dag.read_data_from_postgre manual__2024-12-13T17:13:30.908696+00:00 [queued]>
[2024-12-13T17:13:42.242+0000] {taskinstance.py:2613} INFO - Dependencies all met for dep_context=requeueable deps ti=<TaskInstance: ecobalyse_dag.read_data_from_postgre manual__2024-12-13T17:13:30.908696+00:00 [queued]>
[2024-12-13T17:13:42.243+0000] {taskinstance.py:2866} INFO - Starting attempt 1 of 3
[2024-12-13T17:13:42.253+0000] {taskinstance.py:2889} INFO - Executing <Task(PythonOperator): read_data_from_postgre> on 2024-12-13 17:13:30.908696+00:00
[2024-12-13T17:13:42.260+0000] {warnings.py:112} WARNING - /home/***/.local/lib/python3.12/site-packages/***/task/task_runner/standard_task_runner.py:70: DeprecationWarning: This process (pid=6537) is multi-threaded, use of fork() may lead to deadlocks in the child.
  pid = os.fork()

[2024-12-13T17:13:42.261+0000] {standard_task_runner.py:72} INFO - Started process 6547 to run task
[2024-12-13T17:13:42.264+0000] {standard_task_runner.py:104} INFO - Running: ['***', 'tasks', 'run', 'ecobalyse_dag', 'read_data_from_postgre', 'manual__2024-12-13T17:13:30.908696+00:00', '--job-id', '397', '--raw', '--subdir', 'DAGS_FOLDER/data_transformations.py', '--cfg-path', '/tmp/tmpizmdwynp']
[2024-12-13T17:13:42.265+0000] {standard_task_runner.py:105} INFO - Job 397: Subtask read_data_from_postgre
[2024-12-13T17:13:42.336+0000] {task_command.py:467} INFO - Running <TaskInstance: ecobalyse_dag.read_data_from_postgre manual__2024-12-13T17:13:30.908696+00:00 [running]> on host 474fcd006df3
[2024-12-13T17:13:42.717+0000] {taskinstance.py:3132} INFO - Exporting env vars: AIRFLOW_CTX_DAG_EMAIL='thiernosidybah232@gmail.com' AIRFLOW_CTX_DAG_OWNER='***' AIRFLOW_CTX_DAG_ID='ecobalyse_dag' AIRFLOW_CTX_TASK_ID='read_data_from_postgre' AIRFLOW_CTX_EXECUTION_DATE='2024-12-13T17:13:30.908696+00:00' AIRFLOW_CTX_TRY_NUMBER='1' AIRFLOW_CTX_DAG_RUN_ID='manual__2024-12-13T17:13:30.908696+00:00'
[2024-12-13T17:13:42.718+0000] {logging_mixin.py:190} INFO - Task instance is in running state
[2024-12-13T17:13:42.718+0000] {logging_mixin.py:190} INFO -  Previous state of the Task instance: queued
[2024-12-13T17:13:42.719+0000] {logging_mixin.py:190} INFO - Current task name:read_data_from_postgre state:running start_date:2024-12-13 17:13:42.236244+00:00
[2024-12-13T17:13:42.719+0000] {logging_mixin.py:190} INFO - Dag name:ecobalyse_dag and current dag run status:running
[2024-12-13T17:13:42.719+0000] {taskinstance.py:731} INFO - ::endgroup::
[2024-12-13T17:13:42.726+0000] {logging_mixin.py:190} INFO - []
[2024-12-13T17:13:42.728+0000] {python.py:240} INFO - Done. Returned value was: Empty DataFrame
Columns: [acd, cch, etf, etf_c, fru, fwe, htc, htc_c, htn, htn_c, ior, ldu, mru, ozd, pco, pma, swe, tre, wtu, ecs, pef, air_transport_ratio, business, country_dyeing, country_fabric, country_making, country_spinning, fabric_process, making_complexity, making_dead_stock, making_waste, mass, number_of_references, physical_durability, price, product, surface_mass, traceability, upcycled, yarn_size]
Index: []
[2024-12-13T17:13:42.771+0000] {taskinstance.py:340} INFO - ::group::Post task execution logs
[2024-12-13T17:13:42.772+0000] {taskinstance.py:352} INFO - Marking task as SUCCESS. dag_id=ecobalyse_dag, task_id=read_data_from_postgre, run_id=manual__2024-12-13T17:13:30.908696+00:00, execution_date=20241213T171330, start_date=20241213T171342, end_date=20241213T171342
[2024-12-13T17:13:42.779+0000] {logging_mixin.py:190} INFO - Task instance in success state
[2024-12-13T17:13:42.779+0000] {logging_mixin.py:190} INFO -  Previous state of the Task instance: running
[2024-12-13T17:13:42.780+0000] {logging_mixin.py:190} INFO - Dag name:ecobalyse_dag queued_at:2024-12-13 17:13:30.933385+00:00
[2024-12-13T17:13:42.780+0000] {logging_mixin.py:190} INFO - Task hostname:474fcd006df3 operator:PythonOperator
[2024-12-13T17:13:42.799+0000] {local_task_job_runner.py:266} INFO - Task exited with return code 0
[2024-12-13T17:13:42.857+0000] {taskinstance.py:3895} INFO - 2 downstream tasks scheduled from follow-on schedule check
[2024-12-13T17:13:42.860+0000] {local_task_job_runner.py:245} INFO - ::endgroup::
