[2024-12-12T21:37:28.310+0000] {local_task_job_runner.py:123} INFO - ::group::Pre task execution logs
[2024-12-12T21:37:28.328+0000] {taskinstance.py:2613} INFO - Dependencies all met for dep_context=non-requeueable deps ti=<TaskInstance: ecobalyse_dag.load_json_file manual__2024-12-12T21:37:26.785387+00:00 [queued]>
[2024-12-12T21:37:28.335+0000] {taskinstance.py:2613} INFO - Dependencies all met for dep_context=requeueable deps ti=<TaskInstance: ecobalyse_dag.load_json_file manual__2024-12-12T21:37:26.785387+00:00 [queued]>
[2024-12-12T21:37:28.335+0000] {taskinstance.py:2866} INFO - Starting attempt 1 of 3
[2024-12-12T21:37:28.447+0000] {taskinstance.py:2889} INFO - Executing <Task(PythonOperator): load_json_file> on 2024-12-12 21:37:26.785387+00:00
[2024-12-12T21:37:28.453+0000] {warnings.py:112} WARNING - /home/***/.local/lib/python3.12/site-packages/***/task/task_runner/standard_task_runner.py:70: DeprecationWarning: This process (pid=1693) is multi-threaded, use of fork() may lead to deadlocks in the child.
  pid = os.fork()

[2024-12-12T21:37:28.454+0000] {standard_task_runner.py:72} INFO - Started process 1695 to run task
[2024-12-12T21:37:28.455+0000] {standard_task_runner.py:104} INFO - Running: ['***', 'tasks', 'run', 'ecobalyse_dag', 'load_json_file', 'manual__2024-12-12T21:37:26.785387+00:00', '--job-id', '75', '--raw', '--subdir', 'DAGS_FOLDER/data_transformations.py', '--cfg-path', '/tmp/tmpjc1kr2eo']
[2024-12-12T21:37:28.456+0000] {standard_task_runner.py:105} INFO - Job 75: Subtask load_json_file
[2024-12-12T21:37:28.497+0000] {task_command.py:467} INFO - Running <TaskInstance: ecobalyse_dag.load_json_file manual__2024-12-12T21:37:26.785387+00:00 [running]> on host c67d6daee869
[2024-12-12T21:37:28.575+0000] {taskinstance.py:3132} INFO - Exporting env vars: AIRFLOW_CTX_DAG_EMAIL='thiernosidybah232@gmail.com' AIRFLOW_CTX_DAG_OWNER='***' AIRFLOW_CTX_DAG_ID='ecobalyse_dag' AIRFLOW_CTX_TASK_ID='load_json_file' AIRFLOW_CTX_EXECUTION_DATE='2024-12-12T21:37:26.785387+00:00' AIRFLOW_CTX_TRY_NUMBER='1' AIRFLOW_CTX_DAG_RUN_ID='manual__2024-12-12T21:37:26.785387+00:00'
[2024-12-12T21:37:28.576+0000] {logging_mixin.py:190} INFO - Task instance is in running state
[2024-12-12T21:37:28.576+0000] {logging_mixin.py:190} INFO -  Previous state of the Task instance: queued
[2024-12-12T21:37:28.576+0000] {logging_mixin.py:190} INFO - Current task name:load_json_file state:running start_date:2024-12-12 21:37:28.328426+00:00
[2024-12-12T21:37:28.576+0000] {logging_mixin.py:190} INFO - Dag name:ecobalyse_dag and current dag run status:running
[2024-12-12T21:37:28.576+0000] {taskinstance.py:731} INFO - ::endgroup::
[2024-12-12T21:37:28.656+0000] {python.py:240} INFO - Done. Returned value was: {'acd': 0.14571477426236856, 'cch': 24.225601759405862, 'etf': 111.59273688819749, 'etf-c': 334.19909509929386, 'fru': 277.58571126858277, 'fwe': 0.009846415958143706, 'htc': 5.867200122201026e-09, 'htc-c': 5.989049108124933e-09, 'htn': 5.7098802515001574e-08, 'htn-c': 1.6344426109981614e-08, 'ior': 15.39917534669226, 'ldu': 86.7529542445086, 'mru': 0.00014443091328677232, 'ozd': 9.659941486075351e-05, 'pco': 0.0814157861833963, 'pma': 1.394705782744814e-06, 'swe': 0.03953210721571535, 'tre': 0.32017615619557666, 'wtu': 4.243233889585569, 'ecs': 3371.5931888905275, 'pef': 2358.0282737808907}
[2024-12-12T21:37:28.680+0000] {taskinstance.py:340} INFO - ::group::Post task execution logs
[2024-12-12T21:37:28.680+0000] {taskinstance.py:352} INFO - Marking task as SUCCESS. dag_id=ecobalyse_dag, task_id=load_json_file, run_id=manual__2024-12-12T21:37:26.785387+00:00, execution_date=20241212T213726, start_date=20241212T213728, end_date=20241212T213728
[2024-12-12T21:37:28.689+0000] {logging_mixin.py:190} INFO - Task instance in success state
[2024-12-12T21:37:28.689+0000] {logging_mixin.py:190} INFO -  Previous state of the Task instance: running
[2024-12-12T21:37:28.689+0000] {logging_mixin.py:190} INFO - Dag name:ecobalyse_dag queued_at:2024-12-12 21:37:26.791357+00:00
[2024-12-12T21:37:28.690+0000] {logging_mixin.py:190} INFO - Task hostname:c67d6daee869 operator:PythonOperator
[2024-12-12T21:37:28.709+0000] {local_task_job_runner.py:266} INFO - Task exited with return code 0
[2024-12-12T21:37:28.722+0000] {taskinstance.py:3895} INFO - 0 downstream tasks scheduled from follow-on schedule check
[2024-12-12T21:37:28.724+0000] {local_task_job_runner.py:245} INFO - ::endgroup::
