[2024-12-13T09:03:13.227+0000] {local_task_job_runner.py:123} INFO - ::group::Pre task execution logs
[2024-12-13T09:03:13.250+0000] {taskinstance.py:2613} INFO - Dependencies all met for dep_context=non-requeueable deps ti=<TaskInstance: ecobalyse_dag.Load_Data manual__2024-12-13T09:03:04.932372+00:00 [queued]>
[2024-12-13T09:03:13.261+0000] {taskinstance.py:2613} INFO - Dependencies all met for dep_context=requeueable deps ti=<TaskInstance: ecobalyse_dag.Load_Data manual__2024-12-13T09:03:04.932372+00:00 [queued]>
[2024-12-13T09:03:13.261+0000] {taskinstance.py:2866} INFO - Starting attempt 1 of 3
[2024-12-13T09:03:13.272+0000] {taskinstance.py:2889} INFO - Executing <Task(PythonOperator): Load_Data> on 2024-12-13 09:03:04.932372+00:00
[2024-12-13T09:03:13.277+0000] {warnings.py:112} WARNING - /home/***/.local/lib/python3.12/site-packages/***/task/task_runner/standard_task_runner.py:70: DeprecationWarning: This process (pid=398) is multi-threaded, use of fork() may lead to deadlocks in the child.
  pid = os.fork()

[2024-12-13T09:03:13.278+0000] {standard_task_runner.py:72} INFO - Started process 400 to run task
[2024-12-13T09:03:13.280+0000] {standard_task_runner.py:104} INFO - Running: ['***', 'tasks', 'run', 'ecobalyse_dag', 'Load_Data', 'manual__2024-12-13T09:03:04.932372+00:00', '--job-id', '376', '--raw', '--subdir', 'DAGS_FOLDER/data_transformations.py', '--cfg-path', '/tmp/tmp_5k0kgj3']
[2024-12-13T09:03:13.281+0000] {standard_task_runner.py:105} INFO - Job 376: Subtask Load_Data
[2024-12-13T09:03:13.329+0000] {task_command.py:467} INFO - Running <TaskInstance: ecobalyse_dag.Load_Data manual__2024-12-13T09:03:04.932372+00:00 [running]> on host 474fcd006df3
[2024-12-13T09:03:13.549+0000] {taskinstance.py:3132} INFO - Exporting env vars: AIRFLOW_CTX_DAG_EMAIL='thiernosidybah232@gmail.com' AIRFLOW_CTX_DAG_OWNER='***' AIRFLOW_CTX_DAG_ID='ecobalyse_dag' AIRFLOW_CTX_TASK_ID='Load_Data' AIRFLOW_CTX_EXECUTION_DATE='2024-12-13T09:03:04.932372+00:00' AIRFLOW_CTX_TRY_NUMBER='1' AIRFLOW_CTX_DAG_RUN_ID='manual__2024-12-13T09:03:04.932372+00:00'
[2024-12-13T09:03:13.550+0000] {logging_mixin.py:190} INFO - Task instance is in running state
[2024-12-13T09:03:13.550+0000] {logging_mixin.py:190} INFO -  Previous state of the Task instance: queued
[2024-12-13T09:03:13.550+0000] {logging_mixin.py:190} INFO - Current task name:Load_Data state:running start_date:2024-12-13 09:03:13.250941+00:00
[2024-12-13T09:03:13.550+0000] {logging_mixin.py:190} INFO - Dag name:ecobalyse_dag and current dag run status:running
[2024-12-13T09:03:13.551+0000] {taskinstance.py:731} INFO - ::endgroup::
[2024-12-13T09:03:13.589+0000] {base.py:84} INFO - Retrieving connection 'ecobalyse_database_connection'
[2024-12-13T09:03:13.617+0000] {logging_mixin.py:190} INFO - 0       (0.14571477426236856, 24.225601759405862, 111....
1       (0.021157835040455618, 2.7420274483981206, 7.8...
2       (0.18125129163341008, 20.854181978411905, 91.0...
3       (0.3056645105082514, 32.17516972790083, 109.14...
4       (0.094096956587051, 12.514815452447031, 56.131...
                              ...                        
1995    (0.01362238213189429, 1.2771671079348925, 8.48...
1996    (0.012454408473352836, 2.1197237799929205, 8.5...
1997    (0.03795029342355499, 6.383826107632738, 20.20...
1998    (0.1529159690753016, 20.192346578481374, 100.6...
1999    (0.19164122186098212, 19.621334025332043, 76.9...
Length: 2000, dtype: object
[2024-12-13T09:03:13.948+0000] {python.py:240} INFO - Done. Returned value was: None
[2024-12-13T09:03:13.959+0000] {taskinstance.py:340} INFO - ::group::Post task execution logs
[2024-12-13T09:03:13.960+0000] {taskinstance.py:352} INFO - Marking task as SUCCESS. dag_id=ecobalyse_dag, task_id=Load_Data, run_id=manual__2024-12-13T09:03:04.932372+00:00, execution_date=20241213T090304, start_date=20241213T090313, end_date=20241213T090313
[2024-12-13T09:03:13.972+0000] {logging_mixin.py:190} INFO - Task instance in success state
[2024-12-13T09:03:13.973+0000] {logging_mixin.py:190} INFO -  Previous state of the Task instance: running
[2024-12-13T09:03:13.973+0000] {logging_mixin.py:190} INFO - Dag name:ecobalyse_dag queued_at:2024-12-13 09:03:04.945792+00:00
[2024-12-13T09:03:13.973+0000] {logging_mixin.py:190} INFO - Task hostname:474fcd006df3 operator:PythonOperator
[2024-12-13T09:03:14.013+0000] {local_task_job_runner.py:266} INFO - Task exited with return code 0
[2024-12-13T09:03:14.046+0000] {taskinstance.py:3895} INFO - 1 downstream tasks scheduled from follow-on schedule check
[2024-12-13T09:03:14.048+0000] {local_task_job_runner.py:245} INFO - ::endgroup::
