[2024-12-14T11:42:54.225+0000] {local_task_job_runner.py:123} INFO - ::group::Pre task execution logs
[2024-12-14T11:42:54.246+0000] {taskinstance.py:2613} INFO - Dependencies all met for dep_context=non-requeueable deps ti=<TaskInstance: ecobalyse_dag.linear_regression manual__2024-12-14T11:42:34.580834+00:00 [queued]>
[2024-12-14T11:42:54.258+0000] {taskinstance.py:2613} INFO - Dependencies all met for dep_context=requeueable deps ti=<TaskInstance: ecobalyse_dag.linear_regression manual__2024-12-14T11:42:34.580834+00:00 [queued]>
[2024-12-14T11:42:54.259+0000] {taskinstance.py:2866} INFO - Starting attempt 1 of 3
[2024-12-14T11:42:54.276+0000] {taskinstance.py:2889} INFO - Executing <Task(PythonOperator): linear_regression> on 2024-12-14 11:42:34.580834+00:00
[2024-12-14T11:42:54.291+0000] {warnings.py:112} WARNING - /home/***/.local/lib/python3.12/site-packages/***/task/task_runner/standard_task_runner.py:70: DeprecationWarning: This process (pid=6366) is multi-threaded, use of fork() may lead to deadlocks in the child.
  pid = os.fork()

[2024-12-14T11:42:54.293+0000] {standard_task_runner.py:72} INFO - Started process 6389 to run task
[2024-12-14T11:42:54.294+0000] {standard_task_runner.py:104} INFO - Running: ['***', 'tasks', 'run', 'ecobalyse_dag', 'linear_regression', 'manual__2024-12-14T11:42:34.580834+00:00', '--job-id', '699', '--raw', '--subdir', 'DAGS_FOLDER/data_transformations.py', '--cfg-path', '/tmp/tmp7rch9hyo']
[2024-12-14T11:42:54.296+0000] {standard_task_runner.py:105} INFO - Job 699: Subtask linear_regression
[2024-12-14T11:42:54.369+0000] {task_command.py:467} INFO - Running <TaskInstance: ecobalyse_dag.linear_regression manual__2024-12-14T11:42:34.580834+00:00 [running]> on host a07fab1983be
[2024-12-14T11:42:54.469+0000] {taskinstance.py:3132} INFO - Exporting env vars: AIRFLOW_CTX_DAG_EMAIL='thiernosidybah232@gmail.com' AIRFLOW_CTX_DAG_OWNER='***' AIRFLOW_CTX_DAG_ID='ecobalyse_dag' AIRFLOW_CTX_TASK_ID='linear_regression' AIRFLOW_CTX_EXECUTION_DATE='2024-12-14T11:42:34.580834+00:00' AIRFLOW_CTX_TRY_NUMBER='1' AIRFLOW_CTX_DAG_RUN_ID='manual__2024-12-14T11:42:34.580834+00:00'
[2024-12-14T11:42:54.471+0000] {logging_mixin.py:190} INFO - Task instance is in running state
[2024-12-14T11:42:54.472+0000] {logging_mixin.py:190} INFO -  Previous state of the Task instance: queued
[2024-12-14T11:42:54.473+0000] {logging_mixin.py:190} INFO - Current task name:linear_regression state:running start_date:2024-12-14 11:42:54.246765+00:00
[2024-12-14T11:42:54.473+0000] {logging_mixin.py:190} INFO - Dag name:ecobalyse_dag and current dag run status:running
[2024-12-14T11:42:54.473+0000] {taskinstance.py:731} INFO - ::endgroup::
[2024-12-14T11:42:54.505+0000] {logging_mixin.py:190} INFO - X_train shape (1315, 11)
[2024-12-14T11:42:54.505+0000] {logging_mixin.py:190} INFO - -------------------------
[2024-12-14T11:42:54.505+0000] {logging_mixin.py:190} INFO - X_test shape (439, 11)
[2024-12-14T11:42:54.505+0000] {logging_mixin.py:190} INFO - -------------------------
[2024-12-14T11:42:54.506+0000] {logging_mixin.py:190} INFO - y_train shape (1315,)
[2024-12-14T11:42:54.506+0000] {logging_mixin.py:190} INFO - -------------------------
[2024-12-14T11:42:54.506+0000] {logging_mixin.py:190} INFO - y_test test shape (439,)
[2024-12-14T11:42:54.584+0000] {python.py:240} INFO - Done. Returned value was: None
[2024-12-14T11:42:54.606+0000] {taskinstance.py:340} INFO - ::group::Post task execution logs
[2024-12-14T11:42:54.606+0000] {taskinstance.py:352} INFO - Marking task as SUCCESS. dag_id=ecobalyse_dag, task_id=linear_regression, run_id=manual__2024-12-14T11:42:34.580834+00:00, execution_date=20241214T114234, start_date=20241214T114254, end_date=20241214T114254
[2024-12-14T11:42:54.622+0000] {logging_mixin.py:190} INFO - Task instance in success state
[2024-12-14T11:42:54.622+0000] {logging_mixin.py:190} INFO -  Previous state of the Task instance: running
[2024-12-14T11:42:54.623+0000] {logging_mixin.py:190} INFO - Dag name:ecobalyse_dag queued_at:2024-12-14 11:42:34.587509+00:00
[2024-12-14T11:42:54.623+0000] {logging_mixin.py:190} INFO - Task hostname:a07fab1983be operator:PythonOperator
[2024-12-14T11:42:54.670+0000] {local_task_job_runner.py:266} INFO - Task exited with return code 0
[2024-12-14T11:42:54.697+0000] {taskinstance.py:3895} INFO - 0 downstream tasks scheduled from follow-on schedule check
[2024-12-14T11:42:54.699+0000] {local_task_job_runner.py:245} INFO - ::endgroup::
