[2024-12-14T13:41:21.567+0000] {local_task_job_runner.py:123} INFO - ::group::Pre task execution logs
[2024-12-14T13:41:21.586+0000] {taskinstance.py:2613} INFO - Dependencies all met for dep_context=non-requeueable deps ti=<TaskInstance: ecobalyse_dag.Random_forest_model manual__2024-12-14T13:41:03.642609+00:00 [queued]>
[2024-12-14T13:41:21.593+0000] {taskinstance.py:2613} INFO - Dependencies all met for dep_context=requeueable deps ti=<TaskInstance: ecobalyse_dag.Random_forest_model manual__2024-12-14T13:41:03.642609+00:00 [queued]>
[2024-12-14T13:41:21.593+0000] {taskinstance.py:2866} INFO - Starting attempt 1 of 3
[2024-12-14T13:41:21.606+0000] {taskinstance.py:2889} INFO - Executing <Task(PythonOperator): Random_forest_model> on 2024-12-14 13:41:03.642609+00:00
[2024-12-14T13:41:21.616+0000] {warnings.py:112} WARNING - /home/***/.local/lib/python3.12/site-packages/***/task/task_runner/standard_task_runner.py:70: DeprecationWarning: This process (pid=9690) is multi-threaded, use of fork() may lead to deadlocks in the child.
  pid = os.fork()

[2024-12-14T13:41:21.617+0000] {standard_task_runner.py:72} INFO - Started process 9758 to run task
[2024-12-14T13:41:21.620+0000] {standard_task_runner.py:104} INFO - Running: ['***', 'tasks', 'run', 'ecobalyse_dag', 'Random_forest_model', 'manual__2024-12-14T13:41:03.642609+00:00', '--job-id', '754', '--raw', '--subdir', 'DAGS_FOLDER/data_transformations.py', '--cfg-path', '/tmp/tmpmjxoauby']
[2024-12-14T13:41:21.622+0000] {standard_task_runner.py:105} INFO - Job 754: Subtask Random_forest_model
[2024-12-14T13:41:21.665+0000] {task_command.py:467} INFO - Running <TaskInstance: ecobalyse_dag.Random_forest_model manual__2024-12-14T13:41:03.642609+00:00 [running]> on host a07fab1983be
[2024-12-14T13:41:21.742+0000] {taskinstance.py:3132} INFO - Exporting env vars: AIRFLOW_CTX_DAG_EMAIL='thiernosidybah232@gmail.com' AIRFLOW_CTX_DAG_OWNER='***' AIRFLOW_CTX_DAG_ID='ecobalyse_dag' AIRFLOW_CTX_TASK_ID='Random_forest_model' AIRFLOW_CTX_EXECUTION_DATE='2024-12-14T13:41:03.642609+00:00' AIRFLOW_CTX_TRY_NUMBER='1' AIRFLOW_CTX_DAG_RUN_ID='manual__2024-12-14T13:41:03.642609+00:00'
[2024-12-14T13:41:21.743+0000] {logging_mixin.py:190} INFO - Task instance is in running state
[2024-12-14T13:41:21.743+0000] {logging_mixin.py:190} INFO -  Previous state of the Task instance: queued
[2024-12-14T13:41:21.743+0000] {logging_mixin.py:190} INFO - Current task name:Random_forest_model state:running start_date:2024-12-14 13:41:21.586287+00:00
[2024-12-14T13:41:21.743+0000] {logging_mixin.py:190} INFO - Dag name:ecobalyse_dag and current dag run status:running
[2024-12-14T13:41:21.744+0000] {taskinstance.py:731} INFO - ::endgroup::
[2024-12-14T13:41:21.870+0000] {warnings.py:112} WARNING - /home/***/.local/lib/python3.12/site-packages/sklearn/ensemble/_forest.py:612: UserWarning: Some inputs do not have OOB scores. This probably means too few trees were used to compute any reliable OOB estimates.
  warn(

[2024-12-14T13:41:21.904+0000] {python.py:240} INFO - Done. Returned value was: None
[2024-12-14T13:41:21.911+0000] {taskinstance.py:340} INFO - ::group::Post task execution logs
[2024-12-14T13:41:21.911+0000] {taskinstance.py:352} INFO - Marking task as SUCCESS. dag_id=ecobalyse_dag, task_id=Random_forest_model, run_id=manual__2024-12-14T13:41:03.642609+00:00, execution_date=20241214T134103, start_date=20241214T134121, end_date=20241214T134121
[2024-12-14T13:41:21.917+0000] {logging_mixin.py:190} INFO - Task instance in success state
[2024-12-14T13:41:21.917+0000] {logging_mixin.py:190} INFO -  Previous state of the Task instance: running
[2024-12-14T13:41:21.917+0000] {logging_mixin.py:190} INFO - Dag name:ecobalyse_dag queued_at:2024-12-14 13:41:03.660173+00:00
[2024-12-14T13:41:21.917+0000] {logging_mixin.py:190} INFO - Task hostname:a07fab1983be operator:PythonOperator
[2024-12-14T13:41:21.954+0000] {local_task_job_runner.py:266} INFO - Task exited with return code 0
[2024-12-14T13:41:21.976+0000] {taskinstance.py:3895} INFO - 0 downstream tasks scheduled from follow-on schedule check
[2024-12-14T13:41:21.977+0000] {local_task_job_runner.py:245} INFO - ::endgroup::
