[2024-12-12T22:36:32.213+0000] {local_task_job_runner.py:123} INFO - ::group::Pre task execution logs
[2024-12-12T22:36:32.359+0000] {taskinstance.py:2613} INFO - Dependencies all met for dep_context=non-requeueable deps ti=<TaskInstance: ecobalyse_dag.transform_json_to_dataframe manual__2024-12-12T22:36:25.514429+00:00 [queued]>
[2024-12-12T22:36:32.367+0000] {taskinstance.py:2613} INFO - Dependencies all met for dep_context=requeueable deps ti=<TaskInstance: ecobalyse_dag.transform_json_to_dataframe manual__2024-12-12T22:36:25.514429+00:00 [queued]>
[2024-12-12T22:36:32.367+0000] {taskinstance.py:2866} INFO - Starting attempt 1 of 3
[2024-12-12T22:36:32.378+0000] {taskinstance.py:2889} INFO - Executing <Task(PythonOperator): transform_json_to_dataframe> on 2024-12-12 22:36:25.514429+00:00
[2024-12-12T22:36:32.384+0000] {warnings.py:112} WARNING - /home/***/.local/lib/python3.12/site-packages/***/task/task_runner/standard_task_runner.py:70: DeprecationWarning: This process (pid=85) is multi-threaded, use of fork() may lead to deadlocks in the child.
  pid = os.fork()

[2024-12-12T22:36:32.386+0000] {standard_task_runner.py:72} INFO - Started process 87 to run task
[2024-12-12T22:36:32.389+0000] {standard_task_runner.py:104} INFO - Running: ['***', 'tasks', 'run', 'ecobalyse_dag', 'transform_json_to_dataframe', 'manual__2024-12-12T22:36:25.514429+00:00', '--job-id', '135', '--raw', '--subdir', 'DAGS_FOLDER/data_transformations.py', '--cfg-path', '/tmp/tmps51p801j']
[2024-12-12T22:36:32.390+0000] {standard_task_runner.py:105} INFO - Job 135: Subtask transform_json_to_dataframe
[2024-12-12T22:36:32.444+0000] {task_command.py:467} INFO - Running <TaskInstance: ecobalyse_dag.transform_json_to_dataframe manual__2024-12-12T22:36:25.514429+00:00 [running]> on host e94b59c0b554
[2024-12-12T22:36:32.524+0000] {taskinstance.py:3132} INFO - Exporting env vars: AIRFLOW_CTX_DAG_EMAIL='thiernosidybah232@gmail.com' AIRFLOW_CTX_DAG_OWNER='***' AIRFLOW_CTX_DAG_ID='ecobalyse_dag' AIRFLOW_CTX_TASK_ID='transform_json_to_dataframe' AIRFLOW_CTX_EXECUTION_DATE='2024-12-12T22:36:25.514429+00:00' AIRFLOW_CTX_TRY_NUMBER='1' AIRFLOW_CTX_DAG_RUN_ID='manual__2024-12-12T22:36:25.514429+00:00'
[2024-12-12T22:36:32.525+0000] {logging_mixin.py:190} INFO - Task instance is in running state
[2024-12-12T22:36:32.525+0000] {logging_mixin.py:190} INFO -  Previous state of the Task instance: queued
[2024-12-12T22:36:32.525+0000] {logging_mixin.py:190} INFO - Current task name:transform_json_to_dataframe state:running start_date:2024-12-12 22:36:32.359803+00:00
[2024-12-12T22:36:32.525+0000] {logging_mixin.py:190} INFO - Dag name:ecobalyse_dag and current dag run status:running
[2024-12-12T22:36:32.526+0000] {taskinstance.py:731} INFO - ::endgroup::
[2024-12-12T22:36:32.623+0000] {python.py:240} INFO - Done. Returned value was:       airTransportRatio                         business  ... upcycled yarnSize
0                  0.94     large-business-with-services  ...    False    59.71
1                  0.34     large-business-with-services  ...    False   186.78
2                  0.87     large-business-with-services  ...    False   133.62
3                  0.51     large-business-with-services  ...    False   146.70
4                  0.14  large-business-without-services  ...    False   168.66
...                 ...                              ...  ...      ...      ...
1995               0.64                   small-business  ...    False   144.93
1996               0.22     large-business-with-services  ...    False    58.26
1997               0.83                   small-business  ...    False    89.95
1998               0.19  large-business-without-services  ...    False    96.85
1999               0.29  large-business-without-services  ...    False   133.70

[2000 rows x 20 columns]
[2024-12-12T22:36:32.735+0000] {taskinstance.py:340} INFO - ::group::Post task execution logs
[2024-12-12T22:36:32.735+0000] {taskinstance.py:352} INFO - Marking task as SUCCESS. dag_id=ecobalyse_dag, task_id=transform_json_to_dataframe, run_id=manual__2024-12-12T22:36:25.514429+00:00, execution_date=20241212T223625, start_date=20241212T223632, end_date=20241212T223632
[2024-12-12T22:36:32.743+0000] {logging_mixin.py:190} INFO - Task instance in success state
[2024-12-12T22:36:32.743+0000] {logging_mixin.py:190} INFO -  Previous state of the Task instance: running
[2024-12-12T22:36:32.743+0000] {logging_mixin.py:190} INFO - Dag name:ecobalyse_dag queued_at:2024-12-12 22:36:25.526819+00:00
[2024-12-12T22:36:32.743+0000] {logging_mixin.py:190} INFO - Task hostname:e94b59c0b554 operator:PythonOperator
[2024-12-12T22:36:32.762+0000] {local_task_job_runner.py:266} INFO - Task exited with return code 0
[2024-12-12T22:36:32.781+0000] {taskinstance.py:3895} INFO - 0 downstream tasks scheduled from follow-on schedule check
[2024-12-12T22:36:32.783+0000] {local_task_job_runner.py:245} INFO - ::endgroup::
