[2024-12-14T16:06:32.048+0000] {local_task_job_runner.py:123} INFO - ::group::Pre task execution logs
[2024-12-14T16:06:32.095+0000] {taskinstance.py:2613} INFO - Dependencies all met for dep_context=non-requeueable deps ti=<TaskInstance: ecobalyse_dag.linear_regression manual__2024-12-14T16:05:59.348745+00:00 [queued]>
[2024-12-14T16:06:32.104+0000] {taskinstance.py:2613} INFO - Dependencies all met for dep_context=requeueable deps ti=<TaskInstance: ecobalyse_dag.linear_regression manual__2024-12-14T16:05:59.348745+00:00 [queued]>
[2024-12-14T16:06:32.104+0000] {taskinstance.py:2866} INFO - Starting attempt 1 of 3
[2024-12-14T16:06:32.115+0000] {taskinstance.py:2889} INFO - Executing <Task(PythonOperator): linear_regression> on 2024-12-14 16:05:59.348745+00:00
[2024-12-14T16:06:32.124+0000] {warnings.py:112} WARNING - /home/***/.local/lib/python3.12/site-packages/***/task/task_runner/standard_task_runner.py:70: DeprecationWarning: This process (pid=855) is multi-threaded, use of fork() may lead to deadlocks in the child.
  pid = os.fork()

[2024-12-14T16:06:32.125+0000] {standard_task_runner.py:72} INFO - Started process 1041 to run task
[2024-12-14T16:06:32.129+0000] {standard_task_runner.py:104} INFO - Running: ['***', 'tasks', 'run', 'ecobalyse_dag', 'linear_regression', 'manual__2024-12-14T16:05:59.348745+00:00', '--job-id', '1195', '--raw', '--subdir', 'DAGS_FOLDER/data_transformations.py', '--cfg-path', '/tmp/tmpeikc6p4_']
[2024-12-14T16:06:32.130+0000] {standard_task_runner.py:105} INFO - Job 1195: Subtask linear_regression
[2024-12-14T16:06:32.191+0000] {task_command.py:467} INFO - Running <TaskInstance: ecobalyse_dag.linear_regression manual__2024-12-14T16:05:59.348745+00:00 [running]> on host 4e94b051de49
[2024-12-14T16:06:32.293+0000] {taskinstance.py:3132} INFO - Exporting env vars: AIRFLOW_CTX_DAG_EMAIL='thiernosidybah232@gmail.com' AIRFLOW_CTX_DAG_OWNER='***' AIRFLOW_CTX_DAG_ID='ecobalyse_dag' AIRFLOW_CTX_TASK_ID='linear_regression' AIRFLOW_CTX_EXECUTION_DATE='2024-12-14T16:05:59.348745+00:00' AIRFLOW_CTX_TRY_NUMBER='1' AIRFLOW_CTX_DAG_RUN_ID='manual__2024-12-14T16:05:59.348745+00:00'
[2024-12-14T16:06:32.294+0000] {logging_mixin.py:190} INFO - Task instance is in running state
[2024-12-14T16:06:32.294+0000] {logging_mixin.py:190} INFO -  Previous state of the Task instance: queued
[2024-12-14T16:06:32.294+0000] {logging_mixin.py:190} INFO - Current task name:linear_regression state:running start_date:2024-12-14 16:06:32.095872+00:00
[2024-12-14T16:06:32.294+0000] {logging_mixin.py:190} INFO - Dag name:ecobalyse_dag and current dag run status:running
[2024-12-14T16:06:32.294+0000] {taskinstance.py:731} INFO - ::endgroup::
[2024-12-14T16:06:32.333+0000] {logging_mixin.py:190} INFO - X_train shape (2631, 11)
[2024-12-14T16:06:32.334+0000] {logging_mixin.py:190} INFO - -------------------------
[2024-12-14T16:06:32.334+0000] {logging_mixin.py:190} INFO - X_test shape (877, 11)
[2024-12-14T16:06:32.334+0000] {logging_mixin.py:190} INFO - -------------------------
[2024-12-14T16:06:32.334+0000] {logging_mixin.py:190} INFO - y_train shape (2631,)
[2024-12-14T16:06:32.334+0000] {logging_mixin.py:190} INFO - -------------------------
[2024-12-14T16:06:32.334+0000] {logging_mixin.py:190} INFO - y_test test shape (877,)
[2024-12-14T16:06:32.641+0000] {logging_mixin.py:190} INFO -       Metrics      Values
0   mae_train  335.482741
1   mse_train  513.387857
2  rmse_train   22.658064
3    mae_test  330.274244
4    mse_test  478.706480
5   rmse_test   21.879362
[2024-12-14T16:06:32.646+0000] {logging_mixin.py:190} INFO -                           Coeffs
intercept             -51.212784
mass                 4138.278973
product                12.169419
making_waste         1527.669692
yarn_size               2.727769
physical_durability  -724.796347
making_dead_stock    1509.638272
fabric_process         65.343745
price                  -0.067233
air_transport_ratio   104.225418
country_dyeing         -2.342423
country_fabric         -4.293204
[2024-12-14T16:06:32.656+0000] {python.py:240} INFO - Done. Returned value was: None
[2024-12-14T16:06:32.671+0000] {taskinstance.py:340} INFO - ::group::Post task execution logs
[2024-12-14T16:06:32.671+0000] {taskinstance.py:352} INFO - Marking task as SUCCESS. dag_id=ecobalyse_dag, task_id=linear_regression, run_id=manual__2024-12-14T16:05:59.348745+00:00, execution_date=20241214T160559, start_date=20241214T160632, end_date=20241214T160632
[2024-12-14T16:06:32.684+0000] {logging_mixin.py:190} INFO - Task instance in success state
[2024-12-14T16:06:32.684+0000] {logging_mixin.py:190} INFO -  Previous state of the Task instance: running
[2024-12-14T16:06:32.685+0000] {logging_mixin.py:190} INFO - Dag name:ecobalyse_dag queued_at:2024-12-14 16:05:59.359395+00:00
[2024-12-14T16:06:32.685+0000] {logging_mixin.py:190} INFO - Task hostname:4e94b051de49 operator:PythonOperator
[2024-12-14T16:06:32.744+0000] {local_task_job_runner.py:266} INFO - Task exited with return code 0
[2024-12-14T16:06:32.769+0000] {local_task_job_runner.py:245} INFO - ::endgroup::
