[2024-12-12T21:41:31.784+0000] {local_task_job_runner.py:123} INFO - ::group::Pre task execution logs
[2024-12-12T21:41:31.806+0000] {taskinstance.py:2613} INFO - Dependencies all met for dep_context=non-requeueable deps ti=<TaskInstance: ecobalyse_dag.load_json_file manual__2024-12-12T21:41:30.361020+00:00 [queued]>
[2024-12-12T21:41:31.934+0000] {taskinstance.py:2613} INFO - Dependencies all met for dep_context=requeueable deps ti=<TaskInstance: ecobalyse_dag.load_json_file manual__2024-12-12T21:41:30.361020+00:00 [queued]>
[2024-12-12T21:41:31.934+0000] {taskinstance.py:2866} INFO - Starting attempt 1 of 3
[2024-12-12T21:41:31.946+0000] {taskinstance.py:2889} INFO - Executing <Task(PythonOperator): load_json_file> on 2024-12-12 21:41:30.361020+00:00
[2024-12-12T21:41:31.952+0000] {warnings.py:112} WARNING - /home/***/.local/lib/python3.12/site-packages/***/task/task_runner/standard_task_runner.py:70: DeprecationWarning: This process (pid=1753) is multi-threaded, use of fork() may lead to deadlocks in the child.
  pid = os.fork()

[2024-12-12T21:41:31.953+0000] {standard_task_runner.py:72} INFO - Started process 1755 to run task
[2024-12-12T21:41:31.954+0000] {standard_task_runner.py:104} INFO - Running: ['***', 'tasks', 'run', 'ecobalyse_dag', 'load_json_file', 'manual__2024-12-12T21:41:30.361020+00:00', '--job-id', '76', '--raw', '--subdir', 'DAGS_FOLDER/data_transformations.py', '--cfg-path', '/tmp/tmp6j7jxurf']
[2024-12-12T21:41:31.955+0000] {standard_task_runner.py:105} INFO - Job 76: Subtask load_json_file
[2024-12-12T21:41:32.000+0000] {task_command.py:467} INFO - Running <TaskInstance: ecobalyse_dag.load_json_file manual__2024-12-12T21:41:30.361020+00:00 [running]> on host c67d6daee869
[2024-12-12T21:41:32.066+0000] {taskinstance.py:3132} INFO - Exporting env vars: AIRFLOW_CTX_DAG_EMAIL='thiernosidybah232@gmail.com' AIRFLOW_CTX_DAG_OWNER='***' AIRFLOW_CTX_DAG_ID='ecobalyse_dag' AIRFLOW_CTX_TASK_ID='load_json_file' AIRFLOW_CTX_EXECUTION_DATE='2024-12-12T21:41:30.361020+00:00' AIRFLOW_CTX_TRY_NUMBER='1' AIRFLOW_CTX_DAG_RUN_ID='manual__2024-12-12T21:41:30.361020+00:00'
[2024-12-12T21:41:32.067+0000] {logging_mixin.py:190} INFO - Task instance is in running state
[2024-12-12T21:41:32.067+0000] {logging_mixin.py:190} INFO -  Previous state of the Task instance: queued
[2024-12-12T21:41:32.067+0000] {logging_mixin.py:190} INFO - Current task name:load_json_file state:running start_date:2024-12-12 21:41:31.806871+00:00
[2024-12-12T21:41:32.067+0000] {logging_mixin.py:190} INFO - Dag name:ecobalyse_dag and current dag run status:running
[2024-12-12T21:41:32.067+0000] {taskinstance.py:731} INFO - ::endgroup::
[2024-12-12T21:41:32.147+0000] {python.py:240} INFO - Done. Returned value was: {'webUrl': 'https://ecobalyse.beta.gouv.fr/#/textile/simulator/ecs/eyJhaXJUcmFuc3BvcnRSYXRpbyI6MC45NCwiYnVzaW5lc3MiOiJsYXJnZS1idXNpbmVzcy13aXRoLXNlcnZpY2VzIiwiY291bnRyeUR5ZWluZyI6IkNOIiwiY291bnRyeUZhYnJpYyI6IlJFTyIsImNvdW50cnlNYWtpbmciOiJDTiIsImNvdW50cnlTcGlubmluZyI6IktIIiwiZmFicmljUHJvY2VzcyI6ImtuaXR0aW5nLWludGVncmFsIiwibWFraW5nQ29tcGxleGl0eSI6InZlcnktbG93IiwibWFraW5nRGVhZFN0b2NrIjowLjIyLCJtYWtpbmdXYXN0ZSI6MC4yOSwibWFzcyI6MC41NSwibWF0ZXJpYWxzIjpbeyJpZCI6ImVpLXZpc2Nvc2UiLCJzaGFyZSI6MC4xM30seyJpZCI6ImVpLXBldCIsInNoYXJlIjowLjExfSx7ImlkIjoiZWxhc3RoYW5lIiwic2hhcmUiOjAuMX0seyJpZCI6ImVpLXBldC1yIiwic2hhcmUiOjAuMTd9LHsiaWQiOiJlaS1qdXRlLWtlbmFmIiwic2hhcmUiOjAuMX0seyJpZCI6ImVpLWNoYW52cmUiLCJzaGFyZSI6MC4xMn0seyJpZCI6ImVpLWxpbiIsInNoYXJlIjowLjE1fSx7ImlkIjoiZWktYWNyeWxpcXVlIiwic2hhcmUiOjAuMTJ9XSwibnVtYmVyT2ZSZWZlcmVuY2VzIjo5NTEyMzEsInBoeXNpY2FsRHVyYWJpbGl0eSI6MC45MiwicHJpY2UiOjE2Ni44NiwicHJvZHVjdCI6InB1bGwiLCJzdXJmYWNlTWFzcyI6MTcwLCJ0cmFjZWFiaWxpdHkiOnRydWUsInVwY3ljbGVkIjpmYWxzZSwieWFyblNpemUiOjU5LjcxfQ==', 'impacts': {'acd': 0.14571477426236856, 'cch': 24.225601759405862, 'etf': 111.59273688819749, 'etf-c': 334.19909509929386, 'fru': 277.58571126858277, 'fwe': 0.009846415958143706, 'htc': 5.867200122201026e-09, 'htc-c': 5.989049108124933e-09, 'htn': 5.7098802515001574e-08, 'htn-c': 1.6344426109981614e-08, 'ior': 15.39917534669226, 'ldu': 86.7529542445086, 'mru': 0.00014443091328677232, 'ozd': 9.659941486075351e-05, 'pco': 0.0814157861833963, 'pma': 1.394705782744814e-06, 'swe': 0.03953210721571535, 'tre': 0.32017615619557666, 'wtu': 4.243233889585569, 'ecs': 3371.5931888905275, 'pef': 2358.0282737808907}, 'description': "Pull, durabilité physique 0.92\xa0: 0,550kg, matière\xa0: 13% Viscose provenance  par défaut (Asie - Pacifique), 11% Polyester provenance  par défaut (Asie - Pacifique), 10% Elasthane (Lycra) provenance  par défaut (Asie - Pacifique), 17% Polyester recyclé provenance  par défaut (Asie - Pacifique), 10% Jute provenance  par défaut (Asie - Pacifique), 12% Chanvre provenance  par défaut (Asie - Pacifique), 15% Lin provenance  par défaut (Europe), 12% Acrylique provenance  par défaut (Asie - Pacifique), filature\xa0: Cambodge, titrage\xa0: 59.71Nm, Tricotage Intégral / Whole garment\xa0: Région - Europe de l'Ouest, ennoblissement\xa0: Chine, impression\xa0: non, confection\xa0: Chine (29\u202f% de perte, 22\u202f% de stocks dormants, complexité de confection Très faible, 94 de transport aérien), distribution\xa0: France, utilisation\xa0: France, fin de vie\xa0: France", 'query': {'airTransportRatio': 0.94, 'business': 'large-business-with-services', 'countryDyeing': 'CN', 'countryFabric': 'REO', 'countryMaking': 'CN', 'countrySpinning': 'KH', 'fabricProcess': 'knitting-integral', 'makingComplexity': 'very-low', 'makingDeadStock': 0.22, 'makingWaste': 0.29, 'mass': 0.55, 'materials': [{'id': 'ei-viscose', 'share': 0.13}, {'id': 'ei-pet', 'share': 0.11}, {'id': 'elasthane', 'share': 0.1}, {'id': 'ei-pet-r', 'share': 0.17}, {'id': 'ei-jute-kenaf', 'share': 0.1}, {'id': 'ei-chanvre', 'share': 0.12}, {'id': 'ei-lin', 'share': 0.15}, {'id': 'ei-acrylique', 'share': 0.12}], 'numberOfReferences': 951231, 'physicalDurability': 0.92, 'price': 166.86, 'product': 'pull', 'surfaceMass': 170, 'traceability': True, 'upcycled': False, 'yarnSize': 59.71}}
[2024-12-12T21:41:32.170+0000] {taskinstance.py:340} INFO - ::group::Post task execution logs
[2024-12-12T21:41:32.170+0000] {taskinstance.py:352} INFO - Marking task as SUCCESS. dag_id=ecobalyse_dag, task_id=load_json_file, run_id=manual__2024-12-12T21:41:30.361020+00:00, execution_date=20241212T214130, start_date=20241212T214131, end_date=20241212T214132
[2024-12-12T21:41:32.177+0000] {logging_mixin.py:190} INFO - Task instance in success state
[2024-12-12T21:41:32.177+0000] {logging_mixin.py:190} INFO -  Previous state of the Task instance: running
[2024-12-12T21:41:32.177+0000] {logging_mixin.py:190} INFO - Dag name:ecobalyse_dag queued_at:2024-12-12 21:41:30.365523+00:00
[2024-12-12T21:41:32.177+0000] {logging_mixin.py:190} INFO - Task hostname:c67d6daee869 operator:PythonOperator
[2024-12-12T21:41:32.208+0000] {local_task_job_runner.py:266} INFO - Task exited with return code 0
[2024-12-12T21:41:32.224+0000] {taskinstance.py:3895} INFO - 1 downstream tasks scheduled from follow-on schedule check
[2024-12-12T21:41:32.226+0000] {local_task_job_runner.py:245} INFO - ::endgroup::
