[2024-12-14T11:24:02.905+0000] {local_task_job_runner.py:123} INFO - ::group::Pre task execution logs
[2024-12-14T11:24:02.919+0000] {taskinstance.py:2613} INFO - Dependencies all met for dep_context=non-requeueable deps ti=<TaskInstance: ecobalyse_dag.train_split_data manual__2024-12-14T11:23:45.909866+00:00 [queued]>
[2024-12-14T11:24:02.925+0000] {taskinstance.py:2613} INFO - Dependencies all met for dep_context=requeueable deps ti=<TaskInstance: ecobalyse_dag.train_split_data manual__2024-12-14T11:23:45.909866+00:00 [queued]>
[2024-12-14T11:24:02.925+0000] {taskinstance.py:2866} INFO - Starting attempt 1 of 3
[2024-12-14T11:24:02.935+0000] {taskinstance.py:2889} INFO - Executing <Task(PythonOperator): train_split_data> on 2024-12-14 11:23:45.909866+00:00
[2024-12-14T11:24:02.943+0000] {warnings.py:112} WARNING - /home/***/.local/lib/python3.12/site-packages/***/task/task_runner/standard_task_runner.py:70: DeprecationWarning: This process (pid=3746) is multi-threaded, use of fork() may lead to deadlocks in the child.
  pid = os.fork()

[2024-12-14T11:24:02.944+0000] {standard_task_runner.py:72} INFO - Started process 3775 to run task
[2024-12-14T11:24:02.946+0000] {standard_task_runner.py:104} INFO - Running: ['***', 'tasks', 'run', 'ecobalyse_dag', 'train_split_data', 'manual__2024-12-14T11:23:45.909866+00:00', '--job-id', '624', '--raw', '--subdir', 'DAGS_FOLDER/data_transformations.py', '--cfg-path', '/tmp/tmpoye0jkhv']
[2024-12-14T11:24:02.947+0000] {standard_task_runner.py:105} INFO - Job 624: Subtask train_split_data
[2024-12-14T11:24:02.987+0000] {task_command.py:467} INFO - Running <TaskInstance: ecobalyse_dag.train_split_data manual__2024-12-14T11:23:45.909866+00:00 [running]> on host a07fab1983be
[2024-12-14T11:24:03.056+0000] {taskinstance.py:3132} INFO - Exporting env vars: AIRFLOW_CTX_DAG_EMAIL='thiernosidybah232@gmail.com' AIRFLOW_CTX_DAG_OWNER='***' AIRFLOW_CTX_DAG_ID='ecobalyse_dag' AIRFLOW_CTX_TASK_ID='train_split_data' AIRFLOW_CTX_EXECUTION_DATE='2024-12-14T11:23:45.909866+00:00' AIRFLOW_CTX_TRY_NUMBER='1' AIRFLOW_CTX_DAG_RUN_ID='manual__2024-12-14T11:23:45.909866+00:00'
[2024-12-14T11:24:03.057+0000] {logging_mixin.py:190} INFO - Task instance is in running state
[2024-12-14T11:24:03.057+0000] {logging_mixin.py:190} INFO -  Previous state of the Task instance: queued
[2024-12-14T11:24:03.058+0000] {logging_mixin.py:190} INFO - Current task name:train_split_data state:running start_date:2024-12-14 11:24:02.919622+00:00
[2024-12-14T11:24:03.058+0000] {logging_mixin.py:190} INFO - Dag name:ecobalyse_dag and current dag run status:running
[2024-12-14T11:24:03.058+0000] {taskinstance.py:731} INFO - ::endgroup::
[2024-12-14T11:24:03.080+0000] {logging_mixin.py:190} INFO - X_train shape (1315, 11)
[2024-12-14T11:24:03.080+0000] {logging_mixin.py:190} INFO - -------------------------
[2024-12-14T11:24:03.080+0000] {logging_mixin.py:190} INFO - X_test shape (439, 11)
[2024-12-14T11:24:03.080+0000] {logging_mixin.py:190} INFO - -------------------------
[2024-12-14T11:24:03.080+0000] {logging_mixin.py:190} INFO - y_train shape (1315,)
[2024-12-14T11:24:03.080+0000] {logging_mixin.py:190} INFO - -------------------------
[2024-12-14T11:24:03.081+0000] {logging_mixin.py:190} INFO - y_test test shape (439,)
[2024-12-14T11:24:03.098+0000] {python.py:240} INFO - Done. Returned value was: None
[2024-12-14T11:24:03.106+0000] {taskinstance.py:340} INFO - ::group::Post task execution logs
[2024-12-14T11:24:03.106+0000] {taskinstance.py:352} INFO - Marking task as SUCCESS. dag_id=ecobalyse_dag, task_id=train_split_data, run_id=manual__2024-12-14T11:23:45.909866+00:00, execution_date=20241214T112345, start_date=20241214T112402, end_date=20241214T112403
[2024-12-14T11:24:03.113+0000] {logging_mixin.py:190} INFO - Task instance in success state
[2024-12-14T11:24:03.113+0000] {logging_mixin.py:190} INFO -  Previous state of the Task instance: running
[2024-12-14T11:24:03.114+0000] {logging_mixin.py:190} INFO - Dag name:ecobalyse_dag queued_at:2024-12-14 11:23:45.928620+00:00
[2024-12-14T11:24:03.114+0000] {logging_mixin.py:190} INFO - Task hostname:a07fab1983be operator:PythonOperator
[2024-12-14T11:24:03.159+0000] {local_task_job_runner.py:266} INFO - Task exited with return code 0
[2024-12-14T11:24:03.203+0000] {taskinstance.py:3895} INFO - 1 downstream tasks scheduled from follow-on schedule check
[2024-12-14T11:24:03.207+0000] {local_task_job_runner.py:245} INFO - ::endgroup::
