[2024-12-13T01:18:52.381+0000] {local_task_job_runner.py:123} INFO - ::group::Pre task execution logs
[2024-12-13T01:18:52.419+0000] {taskinstance.py:2613} INFO - Dependencies all met for dep_context=non-requeueable deps ti=<TaskInstance: ecobalyse_dag.transform_json_to_dataframe manual__2024-12-13T01:18:47.716766+00:00 [queued]>
[2024-12-13T01:18:52.427+0000] {taskinstance.py:2613} INFO - Dependencies all met for dep_context=requeueable deps ti=<TaskInstance: ecobalyse_dag.transform_json_to_dataframe manual__2024-12-13T01:18:47.716766+00:00 [queued]>
[2024-12-13T01:18:52.428+0000] {taskinstance.py:2866} INFO - Starting attempt 1 of 3
[2024-12-13T01:18:52.439+0000] {taskinstance.py:2889} INFO - Executing <Task(PythonOperator): transform_json_to_dataframe> on 2024-12-13 01:18:47.716766+00:00
[2024-12-13T01:18:52.447+0000] {warnings.py:112} WARNING - /home/***/.local/lib/python3.12/site-packages/***/task/task_runner/standard_task_runner.py:70: DeprecationWarning: This process (pid=2027) is multi-threaded, use of fork() may lead to deadlocks in the child.
  pid = os.fork()

[2024-12-13T01:18:52.449+0000] {standard_task_runner.py:72} INFO - Started process 2029 to run task
[2024-12-13T01:18:52.461+0000] {standard_task_runner.py:104} INFO - Running: ['***', 'tasks', 'run', 'ecobalyse_dag', 'transform_json_to_dataframe', 'manual__2024-12-13T01:18:47.716766+00:00', '--job-id', '278', '--raw', '--subdir', 'DAGS_FOLDER/data_transformations.py', '--cfg-path', '/tmp/tmp1640y148']
[2024-12-13T01:18:52.462+0000] {standard_task_runner.py:105} INFO - Job 278: Subtask transform_json_to_dataframe
[2024-12-13T01:18:52.520+0000] {task_command.py:467} INFO - Running <TaskInstance: ecobalyse_dag.transform_json_to_dataframe manual__2024-12-13T01:18:47.716766+00:00 [running]> on host c8c82134bf48
[2024-12-13T01:18:52.818+0000] {taskinstance.py:3132} INFO - Exporting env vars: AIRFLOW_CTX_DAG_EMAIL='thiernosidybah232@gmail.com' AIRFLOW_CTX_DAG_OWNER='***' AIRFLOW_CTX_DAG_ID='ecobalyse_dag' AIRFLOW_CTX_TASK_ID='transform_json_to_dataframe' AIRFLOW_CTX_EXECUTION_DATE='2024-12-13T01:18:47.716766+00:00' AIRFLOW_CTX_TRY_NUMBER='1' AIRFLOW_CTX_DAG_RUN_ID='manual__2024-12-13T01:18:47.716766+00:00'
[2024-12-13T01:18:52.819+0000] {logging_mixin.py:190} INFO - Task instance is in running state
[2024-12-13T01:18:52.819+0000] {logging_mixin.py:190} INFO -  Previous state of the Task instance: queued
[2024-12-13T01:18:52.819+0000] {logging_mixin.py:190} INFO - Current task name:transform_json_to_dataframe state:running start_date:2024-12-13 01:18:52.420105+00:00
[2024-12-13T01:18:52.819+0000] {logging_mixin.py:190} INFO - Dag name:ecobalyse_dag and current dag run status:running
[2024-12-13T01:18:52.819+0000] {taskinstance.py:731} INFO - ::endgroup::
[2024-12-13T01:18:52.927+0000] {python.py:240} INFO - Done. Returned value was:            acd        cch         etf  ...  traceability  upcycled  yarnSize
0     0.145715  24.225602  111.592737  ...          True     False     59.71
1     0.021158   2.742027    7.873200  ...          True     False    186.78
2     0.181251  20.854182   91.044543  ...         False     False    133.62
3     0.305665  32.175170  109.146844  ...         False     False    146.70
4     0.094097  12.514815   56.131237  ...          True     False    168.66
...        ...        ...         ...  ...           ...       ...       ...
1994  0.013622   1.277167    8.489200  ...          True     False    144.93
1995  0.012454   2.119724    8.587306  ...          True     False     58.26
1996  0.037950   6.383826   20.201587  ...         False     False     89.95
1997  0.152916  20.192347  100.643630  ...          True     False     96.85
1998  0.191641  19.621334   76.992468  ...         False     False    133.70

[1999 rows x 40 columns]
[2024-12-13T01:18:53.046+0000] {taskinstance.py:340} INFO - ::group::Post task execution logs
[2024-12-13T01:18:53.047+0000] {taskinstance.py:352} INFO - Marking task as SUCCESS. dag_id=ecobalyse_dag, task_id=transform_json_to_dataframe, run_id=manual__2024-12-13T01:18:47.716766+00:00, execution_date=20241213T011847, start_date=20241213T011852, end_date=20241213T011853
[2024-12-13T01:18:53.055+0000] {logging_mixin.py:190} INFO - Task instance in success state
[2024-12-13T01:18:53.055+0000] {logging_mixin.py:190} INFO -  Previous state of the Task instance: running
[2024-12-13T01:18:53.055+0000] {logging_mixin.py:190} INFO - Dag name:ecobalyse_dag queued_at:2024-12-13 01:18:47.725915+00:00
[2024-12-13T01:18:53.055+0000] {logging_mixin.py:190} INFO - Task hostname:c8c82134bf48 operator:PythonOperator
[2024-12-13T01:18:53.108+0000] {local_task_job_runner.py:266} INFO - Task exited with return code 0
[2024-12-13T01:18:53.132+0000] {taskinstance.py:3895} INFO - 1 downstream tasks scheduled from follow-on schedule check
[2024-12-13T01:18:53.134+0000] {local_task_job_runner.py:245} INFO - ::endgroup::
