[2024-12-14T11:20:39.654+0000] {local_task_job_runner.py:123} INFO - ::group::Pre task execution logs
[2024-12-14T11:20:39.675+0000] {taskinstance.py:2613} INFO - Dependencies all met for dep_context=non-requeueable deps ti=<TaskInstance: ecobalyse_dag.Load_Data manual__2024-12-14T11:20:28.457609+00:00 [queued]>
[2024-12-14T11:20:39.685+0000] {taskinstance.py:2613} INFO - Dependencies all met for dep_context=requeueable deps ti=<TaskInstance: ecobalyse_dag.Load_Data manual__2024-12-14T11:20:28.457609+00:00 [queued]>
[2024-12-14T11:20:39.685+0000] {taskinstance.py:2866} INFO - Starting attempt 1 of 3
[2024-12-14T11:20:39.696+0000] {taskinstance.py:2889} INFO - Executing <Task(PythonOperator): Load_Data> on 2024-12-14 11:20:28.457609+00:00
[2024-12-14T11:20:39.705+0000] {warnings.py:112} WARNING - /home/***/.local/lib/python3.12/site-packages/***/task/task_runner/standard_task_runner.py:70: DeprecationWarning: This process (pid=3249) is multi-threaded, use of fork() may lead to deadlocks in the child.
  pid = os.fork()

[2024-12-14T11:20:39.706+0000] {standard_task_runner.py:72} INFO - Started process 3272 to run task
[2024-12-14T11:20:39.709+0000] {standard_task_runner.py:104} INFO - Running: ['***', 'tasks', 'run', 'ecobalyse_dag', 'Load_Data', 'manual__2024-12-14T11:20:28.457609+00:00', '--job-id', '606', '--raw', '--subdir', 'DAGS_FOLDER/data_transformations.py', '--cfg-path', '/tmp/tmp8lc93lqb']
[2024-12-14T11:20:39.710+0000] {standard_task_runner.py:105} INFO - Job 606: Subtask Load_Data
[2024-12-14T11:20:39.758+0000] {task_command.py:467} INFO - Running <TaskInstance: ecobalyse_dag.Load_Data manual__2024-12-14T11:20:28.457609+00:00 [running]> on host a07fab1983be
[2024-12-14T11:20:39.839+0000] {taskinstance.py:3132} INFO - Exporting env vars: AIRFLOW_CTX_DAG_EMAIL='thiernosidybah232@gmail.com' AIRFLOW_CTX_DAG_OWNER='***' AIRFLOW_CTX_DAG_ID='ecobalyse_dag' AIRFLOW_CTX_TASK_ID='Load_Data' AIRFLOW_CTX_EXECUTION_DATE='2024-12-14T11:20:28.457609+00:00' AIRFLOW_CTX_TRY_NUMBER='1' AIRFLOW_CTX_DAG_RUN_ID='manual__2024-12-14T11:20:28.457609+00:00'
[2024-12-14T11:20:39.839+0000] {logging_mixin.py:190} INFO - Task instance is in running state
[2024-12-14T11:20:39.840+0000] {logging_mixin.py:190} INFO -  Previous state of the Task instance: queued
[2024-12-14T11:20:39.840+0000] {logging_mixin.py:190} INFO - Current task name:Load_Data state:running start_date:2024-12-14 11:20:39.675787+00:00
[2024-12-14T11:20:39.840+0000] {logging_mixin.py:190} INFO - Dag name:ecobalyse_dag and current dag run status:running
[2024-12-14T11:20:39.840+0000] {taskinstance.py:731} INFO - ::endgroup::
[2024-12-14T11:20:39.860+0000] {base.py:84} INFO - Retrieving connection 'ecobalyse_database_connection'
[2024-12-14T11:20:40.306+0000] {python.py:240} INFO - Done. Returned value was: None
[2024-12-14T11:20:40.315+0000] {taskinstance.py:340} INFO - ::group::Post task execution logs
[2024-12-14T11:20:40.316+0000] {taskinstance.py:352} INFO - Marking task as SUCCESS. dag_id=ecobalyse_dag, task_id=Load_Data, run_id=manual__2024-12-14T11:20:28.457609+00:00, execution_date=20241214T112028, start_date=20241214T112039, end_date=20241214T112040
[2024-12-14T11:20:40.322+0000] {logging_mixin.py:190} INFO - Task instance in success state
[2024-12-14T11:20:40.322+0000] {logging_mixin.py:190} INFO -  Previous state of the Task instance: running
[2024-12-14T11:20:40.322+0000] {logging_mixin.py:190} INFO - Dag name:ecobalyse_dag queued_at:2024-12-14 11:20:28.473341+00:00
[2024-12-14T11:20:40.322+0000] {logging_mixin.py:190} INFO - Task hostname:a07fab1983be operator:PythonOperator
[2024-12-14T11:20:40.362+0000] {local_task_job_runner.py:266} INFO - Task exited with return code 0
[2024-12-14T11:20:40.399+0000] {taskinstance.py:3895} INFO - 1 downstream tasks scheduled from follow-on schedule check
[2024-12-14T11:20:40.401+0000] {local_task_job_runner.py:245} INFO - ::endgroup::
