[2024-12-14T11:06:46.241+0000] {local_task_job_runner.py:123} INFO - ::group::Pre task execution logs
[2024-12-14T11:06:46.260+0000] {taskinstance.py:2613} INFO - Dependencies all met for dep_context=non-requeueable deps ti=<TaskInstance: ecobalyse_dag.read_data_from_postgre_database manual__2024-12-14T11:06:33.128693+00:00 [queued]>
[2024-12-14T11:06:46.265+0000] {taskinstance.py:2613} INFO - Dependencies all met for dep_context=requeueable deps ti=<TaskInstance: ecobalyse_dag.read_data_from_postgre_database manual__2024-12-14T11:06:33.128693+00:00 [queued]>
[2024-12-14T11:06:46.265+0000] {taskinstance.py:2866} INFO - Starting attempt 1 of 3
[2024-12-14T11:06:46.273+0000] {taskinstance.py:2889} INFO - Executing <Task(PythonOperator): read_data_from_postgre_database> on 2024-12-14 11:06:33.128693+00:00
[2024-12-14T11:06:46.279+0000] {warnings.py:112} WARNING - /home/***/.local/lib/python3.12/site-packages/***/task/task_runner/standard_task_runner.py:70: DeprecationWarning: This process (pid=2767) is multi-threaded, use of fork() may lead to deadlocks in the child.
  pid = os.fork()

[2024-12-14T11:06:46.280+0000] {standard_task_runner.py:72} INFO - Started process 2790 to run task
[2024-12-14T11:06:46.282+0000] {standard_task_runner.py:104} INFO - Running: ['***', 'tasks', 'run', 'ecobalyse_dag', 'read_data_from_postgre_database', 'manual__2024-12-14T11:06:33.128693+00:00', '--job-id', '594', '--raw', '--subdir', 'DAGS_FOLDER/data_transformations.py', '--cfg-path', '/tmp/tmpg1yjunnb']
[2024-12-14T11:06:46.283+0000] {standard_task_runner.py:105} INFO - Job 594: Subtask read_data_from_postgre_database
[2024-12-14T11:06:46.321+0000] {task_command.py:467} INFO - Running <TaskInstance: ecobalyse_dag.read_data_from_postgre_database manual__2024-12-14T11:06:33.128693+00:00 [running]> on host a07fab1983be
[2024-12-14T11:06:46.424+0000] {taskinstance.py:3132} INFO - Exporting env vars: AIRFLOW_CTX_DAG_EMAIL='thiernosidybah232@gmail.com' AIRFLOW_CTX_DAG_OWNER='***' AIRFLOW_CTX_DAG_ID='ecobalyse_dag' AIRFLOW_CTX_TASK_ID='read_data_from_postgre_database' AIRFLOW_CTX_EXECUTION_DATE='2024-12-14T11:06:33.128693+00:00' AIRFLOW_CTX_TRY_NUMBER='1' AIRFLOW_CTX_DAG_RUN_ID='manual__2024-12-14T11:06:33.128693+00:00'
[2024-12-14T11:06:46.425+0000] {logging_mixin.py:190} INFO - Task instance is in running state
[2024-12-14T11:06:46.426+0000] {logging_mixin.py:190} INFO -  Previous state of the Task instance: queued
[2024-12-14T11:06:46.426+0000] {logging_mixin.py:190} INFO - Current task name:read_data_from_postgre_database state:running start_date:2024-12-14 11:06:46.260855+00:00
[2024-12-14T11:06:46.426+0000] {logging_mixin.py:190} INFO - Dag name:ecobalyse_dag and current dag run status:running
[2024-12-14T11:06:46.427+0000] {taskinstance.py:731} INFO - ::endgroup::
[2024-12-14T11:06:46.469+0000] {python.py:240} INFO - Done. Returned value was:                        acd                 cch  ... upcycled           yarn_size
0      0.14571477426236856  24.225601759405862  ...    False               59.71
1     0.021157835040455618  2.7420274483981206  ...    False              186.78
2      0.18125129163341008  20.854181978411905  ...    False              133.62
3       0.3056645105082514   32.17516972790083  ...    False  146.70000000000002
4        0.094096956587051  12.514815452447031  ...    False              168.66
...                    ...                 ...  ...      ...                 ...
1749   0.01362238213189429  1.2771671079348925  ...    False              144.93
1750  0.012454408473352836  2.1197237799929205  ...    False               58.26
1751   0.03795029342355499   6.383826107632738  ...    False               89.95
1752    0.1529159690753016  20.192346578481374  ...    False   96.85000000000001
1753   0.19164122186098212  19.621334025332043  ...    False               133.7

[1754 rows x 40 columns]
[2024-12-14T11:06:46.637+0000] {taskinstance.py:340} INFO - ::group::Post task execution logs
[2024-12-14T11:06:46.637+0000] {taskinstance.py:352} INFO - Marking task as SUCCESS. dag_id=ecobalyse_dag, task_id=read_data_from_postgre_database, run_id=manual__2024-12-14T11:06:33.128693+00:00, execution_date=20241214T110633, start_date=20241214T110646, end_date=20241214T110646
[2024-12-14T11:06:46.643+0000] {logging_mixin.py:190} INFO - Task instance in success state
[2024-12-14T11:06:46.643+0000] {logging_mixin.py:190} INFO -  Previous state of the Task instance: running
[2024-12-14T11:06:46.643+0000] {logging_mixin.py:190} INFO - Dag name:ecobalyse_dag queued_at:2024-12-14 11:06:33.135764+00:00
[2024-12-14T11:06:46.644+0000] {logging_mixin.py:190} INFO - Task hostname:a07fab1983be operator:PythonOperator
[2024-12-14T11:06:46.654+0000] {local_task_job_runner.py:266} INFO - Task exited with return code 0
[2024-12-14T11:06:46.680+0000] {taskinstance.py:3895} INFO - 2 downstream tasks scheduled from follow-on schedule check
[2024-12-14T11:06:46.682+0000] {local_task_job_runner.py:245} INFO - ::endgroup::
