[2024-12-14T09:12:53.709+0000] {local_task_job_runner.py:123} INFO - ::group::Pre task execution logs
[2024-12-14T09:12:53.726+0000] {taskinstance.py:2613} INFO - Dependencies all met for dep_context=non-requeueable deps ti=<TaskInstance: ecobalyse_dag.prepare_data_for_ML manual__2024-12-14T09:12:42.578901+00:00 [queued]>
[2024-12-14T09:12:53.734+0000] {taskinstance.py:2613} INFO - Dependencies all met for dep_context=requeueable deps ti=<TaskInstance: ecobalyse_dag.prepare_data_for_ML manual__2024-12-14T09:12:42.578901+00:00 [queued]>
[2024-12-14T09:12:53.734+0000] {taskinstance.py:2866} INFO - Starting attempt 1 of 3
[2024-12-14T09:12:53.745+0000] {taskinstance.py:2889} INFO - Executing <Task(PythonOperator): prepare_data_for_ML> on 2024-12-14 09:12:42.578901+00:00
[2024-12-14T09:12:53.754+0000] {warnings.py:112} WARNING - /home/***/.local/lib/python3.12/site-packages/***/task/task_runner/standard_task_runner.py:70: DeprecationWarning: This process (pid=331) is multi-threaded, use of fork() may lead to deadlocks in the child.
  pid = os.fork()

[2024-12-14T09:12:53.755+0000] {standard_task_runner.py:72} INFO - Started process 336 to run task
[2024-12-14T09:12:53.756+0000] {standard_task_runner.py:104} INFO - Running: ['***', 'tasks', 'run', 'ecobalyse_dag', 'prepare_data_for_ML', 'manual__2024-12-14T09:12:42.578901+00:00', '--job-id', '452', '--raw', '--subdir', 'DAGS_FOLDER/data_transformations.py', '--cfg-path', '/tmp/tmpydx7n23s']
[2024-12-14T09:12:53.757+0000] {standard_task_runner.py:105} INFO - Job 452: Subtask prepare_data_for_ML
[2024-12-14T09:12:53.792+0000] {task_command.py:467} INFO - Running <TaskInstance: ecobalyse_dag.prepare_data_for_ML manual__2024-12-14T09:12:42.578901+00:00 [running]> on host e6c25a89c402
[2024-12-14T09:12:54.031+0000] {taskinstance.py:3132} INFO - Exporting env vars: AIRFLOW_CTX_DAG_EMAIL='thiernosidybah232@gmail.com' AIRFLOW_CTX_DAG_OWNER='***' AIRFLOW_CTX_DAG_ID='ecobalyse_dag' AIRFLOW_CTX_TASK_ID='prepare_data_for_ML' AIRFLOW_CTX_EXECUTION_DATE='2024-12-14T09:12:42.578901+00:00' AIRFLOW_CTX_TRY_NUMBER='1' AIRFLOW_CTX_DAG_RUN_ID='manual__2024-12-14T09:12:42.578901+00:00'
[2024-12-14T09:12:54.032+0000] {logging_mixin.py:190} INFO - Task instance is in running state
[2024-12-14T09:12:54.033+0000] {logging_mixin.py:190} INFO -  Previous state of the Task instance: queued
[2024-12-14T09:12:54.033+0000] {logging_mixin.py:190} INFO - Current task name:prepare_data_for_ML state:running start_date:2024-12-14 09:12:53.726442+00:00
[2024-12-14T09:12:54.033+0000] {logging_mixin.py:190} INFO - Dag name:ecobalyse_dag and current dag run status:running
[2024-12-14T09:12:54.033+0000] {taskinstance.py:731} INFO - ::endgroup::
[2024-12-14T09:12:54.108+0000] {logging_mixin.py:190} INFO -                     acd                 cch  ... upcycled           yarn_size
0   0.14571477426236856  24.225601759405862  ...    False               59.71
1  0.021157835040455618  2.7420274483981206  ...    False              186.78
2   0.18125129163341008  20.854181978411905  ...    False              133.62
3    0.3056645105082514   32.17516972790083  ...    False  146.70000000000002
4     0.094096956587051  12.514815452447031  ...    False              168.66

[5 rows x 40 columns]
[2024-12-14T09:12:54.109+0000] {python.py:240} INFO - Done. Returned value was: None
[2024-12-14T09:12:54.117+0000] {taskinstance.py:340} INFO - ::group::Post task execution logs
[2024-12-14T09:12:54.117+0000] {taskinstance.py:352} INFO - Marking task as SUCCESS. dag_id=ecobalyse_dag, task_id=prepare_data_for_ML, run_id=manual__2024-12-14T09:12:42.578901+00:00, execution_date=20241214T091242, start_date=20241214T091253, end_date=20241214T091254
[2024-12-14T09:12:54.125+0000] {logging_mixin.py:190} INFO - Task instance in success state
[2024-12-14T09:12:54.125+0000] {logging_mixin.py:190} INFO -  Previous state of the Task instance: running
[2024-12-14T09:12:54.126+0000] {logging_mixin.py:190} INFO - Dag name:ecobalyse_dag queued_at:2024-12-14 09:12:42.590746+00:00
[2024-12-14T09:12:54.126+0000] {logging_mixin.py:190} INFO - Task hostname:e6c25a89c402 operator:PythonOperator
[2024-12-14T09:12:54.170+0000] {local_task_job_runner.py:266} INFO - Task exited with return code 0
[2024-12-14T09:12:54.192+0000] {taskinstance.py:3895} INFO - 1 downstream tasks scheduled from follow-on schedule check
[2024-12-14T09:12:54.193+0000] {local_task_job_runner.py:245} INFO - ::endgroup::
