[2024-12-12T21:52:49.848+0000] {local_task_job_runner.py:123} INFO - ::group::Pre task execution logs
[2024-12-12T21:52:49.863+0000] {taskinstance.py:2613} INFO - Dependencies all met for dep_context=non-requeueable deps ti=<TaskInstance: ecobalyse_dag.load_json_file manual__2024-12-12T21:52:48.183122+00:00 [queued]>
[2024-12-12T21:52:49.989+0000] {taskinstance.py:2613} INFO - Dependencies all met for dep_context=requeueable deps ti=<TaskInstance: ecobalyse_dag.load_json_file manual__2024-12-12T21:52:48.183122+00:00 [queued]>
[2024-12-12T21:52:49.990+0000] {taskinstance.py:2866} INFO - Starting attempt 1 of 3
[2024-12-12T21:52:50.001+0000] {taskinstance.py:2889} INFO - Executing <Task(PythonOperator): load_json_file> on 2024-12-12 21:52:48.183122+00:00
[2024-12-12T21:52:50.007+0000] {warnings.py:112} WARNING - /home/***/.local/lib/python3.12/site-packages/***/task/task_runner/standard_task_runner.py:70: DeprecationWarning: This process (pid=1945) is multi-threaded, use of fork() may lead to deadlocks in the child.
  pid = os.fork()

[2024-12-12T21:52:50.009+0000] {standard_task_runner.py:72} INFO - Started process 1947 to run task
[2024-12-12T21:52:50.011+0000] {standard_task_runner.py:104} INFO - Running: ['***', 'tasks', 'run', 'ecobalyse_dag', 'load_json_file', 'manual__2024-12-12T21:52:48.183122+00:00', '--job-id', '87', '--raw', '--subdir', 'DAGS_FOLDER/data_transformations.py', '--cfg-path', '/tmp/tmpuu5cxss2']
[2024-12-12T21:52:50.011+0000] {standard_task_runner.py:105} INFO - Job 87: Subtask load_json_file
[2024-12-12T21:52:50.080+0000] {task_command.py:467} INFO - Running <TaskInstance: ecobalyse_dag.load_json_file manual__2024-12-12T21:52:48.183122+00:00 [running]> on host c67d6daee869
[2024-12-12T21:52:50.189+0000] {taskinstance.py:3132} INFO - Exporting env vars: AIRFLOW_CTX_DAG_EMAIL='thiernosidybah232@gmail.com' AIRFLOW_CTX_DAG_OWNER='***' AIRFLOW_CTX_DAG_ID='ecobalyse_dag' AIRFLOW_CTX_TASK_ID='load_json_file' AIRFLOW_CTX_EXECUTION_DATE='2024-12-12T21:52:48.183122+00:00' AIRFLOW_CTX_TRY_NUMBER='1' AIRFLOW_CTX_DAG_RUN_ID='manual__2024-12-12T21:52:48.183122+00:00'
[2024-12-12T21:52:50.190+0000] {logging_mixin.py:190} INFO - Task instance is in running state
[2024-12-12T21:52:50.190+0000] {logging_mixin.py:190} INFO -  Previous state of the Task instance: queued
[2024-12-12T21:52:50.190+0000] {logging_mixin.py:190} INFO - Current task name:load_json_file state:running start_date:2024-12-12 21:52:49.864023+00:00
[2024-12-12T21:52:50.190+0000] {logging_mixin.py:190} INFO - Dag name:ecobalyse_dag and current dag run status:running
[2024-12-12T21:52:50.191+0000] {taskinstance.py:731} INFO - ::endgroup::
[2024-12-12T21:52:50.283+0000] {python.py:240} INFO - Done. Returned value was: None
[2024-12-12T21:52:50.296+0000] {taskinstance.py:340} INFO - ::group::Post task execution logs
[2024-12-12T21:52:50.296+0000] {taskinstance.py:352} INFO - Marking task as SUCCESS. dag_id=ecobalyse_dag, task_id=load_json_file, run_id=manual__2024-12-12T21:52:48.183122+00:00, execution_date=20241212T215248, start_date=20241212T215249, end_date=20241212T215250
[2024-12-12T21:52:50.305+0000] {logging_mixin.py:190} INFO - Task instance in success state
[2024-12-12T21:52:50.306+0000] {logging_mixin.py:190} INFO -  Previous state of the Task instance: running
[2024-12-12T21:52:50.306+0000] {logging_mixin.py:190} INFO - Dag name:ecobalyse_dag queued_at:2024-12-12 21:52:48.187878+00:00
[2024-12-12T21:52:50.306+0000] {logging_mixin.py:190} INFO - Task hostname:c67d6daee869 operator:PythonOperator
[2024-12-12T21:52:50.344+0000] {local_task_job_runner.py:266} INFO - Task exited with return code 0
[2024-12-12T21:52:50.361+0000] {taskinstance.py:3895} INFO - 0 downstream tasks scheduled from follow-on schedule check
[2024-12-12T21:52:50.363+0000] {local_task_job_runner.py:245} INFO - ::endgroup::
