[2024-12-14T16:06:35.622+0000] {local_task_job_runner.py:123} INFO - ::group::Pre task execution logs
[2024-12-14T16:06:35.668+0000] {taskinstance.py:2613} INFO - Dependencies all met for dep_context=non-requeueable deps ti=<TaskInstance: ecobalyse_dag.best_Model manual__2024-12-14T16:05:59.348745+00:00 [queued]>
[2024-12-14T16:06:35.708+0000] {taskinstance.py:2613} INFO - Dependencies all met for dep_context=requeueable deps ti=<TaskInstance: ecobalyse_dag.best_Model manual__2024-12-14T16:05:59.348745+00:00 [queued]>
[2024-12-14T16:06:35.710+0000] {taskinstance.py:2866} INFO - Starting attempt 1 of 3
[2024-12-14T16:06:35.759+0000] {taskinstance.py:2889} INFO - Executing <Task(PythonOperator): best_Model> on 2024-12-14 16:05:59.348745+00:00
[2024-12-14T16:06:35.773+0000] {warnings.py:112} WARNING - /home/***/.local/lib/python3.12/site-packages/***/task/task_runner/standard_task_runner.py:70: DeprecationWarning: This process (pid=1082) is multi-threaded, use of fork() may lead to deadlocks in the child.
  pid = os.fork()

[2024-12-14T16:06:35.775+0000] {standard_task_runner.py:72} INFO - Started process 1127 to run task
[2024-12-14T16:06:35.780+0000] {standard_task_runner.py:104} INFO - Running: ['***', 'tasks', 'run', 'ecobalyse_dag', 'best_Model', 'manual__2024-12-14T16:05:59.348745+00:00', '--job-id', '1196', '--raw', '--subdir', 'DAGS_FOLDER/data_transformations.py', '--cfg-path', '/tmp/tmp2120xia9']
[2024-12-14T16:06:35.781+0000] {standard_task_runner.py:105} INFO - Job 1196: Subtask best_Model
[2024-12-14T16:06:35.879+0000] {task_command.py:467} INFO - Running <TaskInstance: ecobalyse_dag.best_Model manual__2024-12-14T16:05:59.348745+00:00 [running]> on host 4e94b051de49
[2024-12-14T16:06:35.967+0000] {taskinstance.py:3132} INFO - Exporting env vars: AIRFLOW_CTX_DAG_EMAIL='thiernosidybah232@gmail.com' AIRFLOW_CTX_DAG_OWNER='***' AIRFLOW_CTX_DAG_ID='ecobalyse_dag' AIRFLOW_CTX_TASK_ID='best_Model' AIRFLOW_CTX_EXECUTION_DATE='2024-12-14T16:05:59.348745+00:00' AIRFLOW_CTX_TRY_NUMBER='1' AIRFLOW_CTX_DAG_RUN_ID='manual__2024-12-14T16:05:59.348745+00:00'
[2024-12-14T16:06:35.968+0000] {logging_mixin.py:190} INFO - Task instance is in running state
[2024-12-14T16:06:35.969+0000] {logging_mixin.py:190} INFO -  Previous state of the Task instance: queued
[2024-12-14T16:06:35.969+0000] {logging_mixin.py:190} INFO - Current task name:best_Model state:running start_date:2024-12-14 16:06:35.668564+00:00
[2024-12-14T16:06:35.969+0000] {logging_mixin.py:190} INFO - Dag name:ecobalyse_dag and current dag run status:running
[2024-12-14T16:06:35.969+0000] {taskinstance.py:731} INFO - ::endgroup::
[2024-12-14T16:06:35.979+0000] {logging_mixin.py:190} INFO - -------------------------------------
[2024-12-14T16:06:35.980+0000] {logging_mixin.py:190} INFO - Best Model :  Random_Forest_Model
[2024-12-14T16:06:35.980+0000] {logging_mixin.py:190} INFO - -------------------------------------
[2024-12-14T16:06:35.980+0000] {logging_mixin.py:190} INFO - RMSE obtenues avec les données de test est:  16.24
[2024-12-14T16:06:35.980+0000] {python.py:240} INFO - Done. Returned value was: None
[2024-12-14T16:06:35.993+0000] {taskinstance.py:340} INFO - ::group::Post task execution logs
[2024-12-14T16:06:35.993+0000] {taskinstance.py:352} INFO - Marking task as SUCCESS. dag_id=ecobalyse_dag, task_id=best_Model, run_id=manual__2024-12-14T16:05:59.348745+00:00, execution_date=20241214T160559, start_date=20241214T160635, end_date=20241214T160635
[2024-12-14T16:06:36.002+0000] {logging_mixin.py:190} INFO - Task instance in success state
[2024-12-14T16:06:36.003+0000] {logging_mixin.py:190} INFO -  Previous state of the Task instance: running
[2024-12-14T16:06:36.003+0000] {logging_mixin.py:190} INFO - Dag name:ecobalyse_dag queued_at:2024-12-14 16:05:59.359395+00:00
[2024-12-14T16:06:36.003+0000] {logging_mixin.py:190} INFO - Task hostname:4e94b051de49 operator:PythonOperator
[2024-12-14T16:06:36.033+0000] {local_task_job_runner.py:266} INFO - Task exited with return code 0
[2024-12-14T16:06:36.059+0000] {taskinstance.py:3895} INFO - 0 downstream tasks scheduled from follow-on schedule check
[2024-12-14T16:06:36.060+0000] {local_task_job_runner.py:245} INFO - ::endgroup::
